
Jun. 26, 2022 3:18:18 P.M. Client_Liaison writeToFile
INFO: CRC updated!
Jun. 26, 2022 3:30:42 P.M. Client_Liaison writeToFile
INFO: CRC updated!
Jun. 27, 2022 10:17:42 A.M. Client_Liaison writeToFile
INFO: Checksum ajouté!
Jun. 27, 2022 10:20:53 A.M. Client_Liaison writeToFile
INFO: Checksum ajouté!
Jun. 27, 2022 10:20:53 A.M. Client_Liaison writeToFile
INFO: Checksum ajouté!
Jun. 27, 2022 10:20:53 A.M. Client_Liaison writeToFile
INFO: Checksum ajouté!
Jun. 27, 2022 10:20:53 A.M. Client_Liaison writeToFile
INFO: Checksum ajouté!
Jun. 27, 2022 10:20:53 A.M. Client_Liaison writeToFile
INFO: Checksum ajouté!
Jun. 27, 2022 10:20:53 A.M. Client_Liaison writeToFile
INFO: Checksum ajouté!
Jun. 27, 2022 10:20:53 A.M. Client_Liaison writeToFile
INFO: Checksum ajouté!
Jun. 27, 2022 10:20:53 A.M. Client_Liaison writeToFile
INFO: Checksum ajouté!
Jun. 27, 2022 10:20:53 A.M. Client_Liaison writeToFile
INFO: Checksum ajouté!
Jun. 27, 2022 10:20:53 A.M. Client_Liaison writeToFile
INFO: Checksum ajouté!
Jun. 27, 2022 10:20:53 A.M. Client_Liaison writeToFile
INFO: Checksum ajouté!
Jun. 27, 2022 10:20:53 A.M. Client_Liaison writeToFile
INFO: Checksum ajouté!
Jun. 27, 2022 10:20:53 A.M. Client_Liaison writeToFile
INFO: Checksum ajouté!
Jun. 27, 2022 10:20:53 A.M. Client_Liaison writeToFile
INFO: Checksum ajouté!
Jun. 27, 2022 10:20:53 A.M. Client_Liaison writeToFile
INFO: Checksum ajouté!
Jun. 27, 2022 10:26:27 A.M. Client_Liaison writeToFile
INFO: Checksum ajouté!
Jun. 27, 2022 10:26:27 A.M. Client_Liaison writeToFile
INFO: Checksum ajouté!
Jun. 27, 2022 10:26:27 A.M. Client_Liaison writeToFile
INFO: Checksum ajouté!
Jun. 27, 2022 10:26:27 A.M. Client_Liaison writeToFile
INFO: Checksum ajouté!
Jun. 27, 2022 10:26:27 A.M. Client_Liaison writeToFile
INFO: Checksum ajouté!
Jun. 27, 2022 10:26:27 A.M. Client_Liaison writeToFile
INFO: Checksum ajouté!
Jun. 27, 2022 10:26:27 A.M. Client_Liaison writeToFile
INFO: Checksum ajouté!
Jun. 27, 2022 10:26:27 A.M. Client_Liaison writeToFile
INFO: Checksum ajouté!
Jun. 27, 2022 10:26:27 A.M. Client_Liaison writeToFile
INFO: Checksum ajouté!
Jun. 27, 2022 10:26:27 A.M. Client_Liaison writeToFile
INFO: Checksum ajouté!
Jun. 27, 2022 10:26:27 A.M. Client_Liaison writeToFile
INFO: Checksum ajouté!
Jun. 27, 2022 10:26:27 A.M. Client_Liaison writeToFile
INFO: Checksum ajouté!
Jun. 27, 2022 10:26:27 A.M. Client_Liaison writeToFile
INFO: Checksum ajouté!
Jun. 27, 2022 10:26:27 A.M. Client_Liaison writeToFile
INFO: Checksum ajouté!
Jun. 27, 2022 10:26:27 A.M. Client_Liaison writeToFile
INFO: Checksum ajouté!
Jun. 27, 2022 10:27:03 A.M. Client_Liaison writeToFile
INFO: Checksum ajouté!
Jun. 27, 2022 10:27:03 A.M. Client_Liaison writeToFile
INFO: Checksum ajouté!
Jun. 27, 2022 10:27:03 A.M. Client_Liaison writeToFile
INFO: Checksum ajouté!
Jun. 27, 2022 10:27:03 A.M. Client_Liaison writeToFile
INFO: Checksum ajouté!
Jun. 27, 2022 10:27:03 A.M. Client_Liaison writeToFile
INFO: Checksum ajouté!
Jun. 27, 2022 10:27:03 A.M. Client_Liaison writeToFile
INFO: Checksum ajouté!
Jun. 27, 2022 10:27:03 A.M. Client_Liaison writeToFile
INFO: Checksum ajouté!
Jun. 27, 2022 10:27:03 A.M. Client_Liaison writeToFile
INFO: Checksum ajouté!
Jun. 27, 2022 10:27:03 A.M. Client_Liaison writeToFile
INFO: Checksum ajouté!
Jun. 27, 2022 10:27:03 A.M. Client_Liaison writeToFile
INFO: Checksum ajouté!
Jun. 27, 2022 10:27:03 A.M. Client_Liaison writeToFile
INFO: Checksum ajouté!
Jun. 27, 2022 10:27:03 A.M. Client_Liaison writeToFile
INFO: Checksum ajouté!
Jun. 27, 2022 10:27:03 A.M. Client_Liaison writeToFile
INFO: Checksum ajouté!
Jun. 27, 2022 10:27:03 A.M. Client_Liaison writeToFile
INFO: Checksum ajouté!
Jun. 27, 2022 10:27:03 A.M. Client_Liaison writeToFile
INFO: Checksum ajouté!
Jun. 27, 2022 10:28:46 A.M. Client_Liaison writeToFile
INFO: Checksum ajouté!
Jun. 27, 2022 10:28:46 A.M. Client_Liaison writeToFile
INFO: Checksum ajouté!
Jun. 27, 2022 10:28:46 A.M. Client_Liaison writeToFile
INFO: Checksum ajouté!
Jun. 27, 2022 10:28:46 A.M. Client_Liaison writeToFile
INFO: Checksum ajouté!
Jun. 27, 2022 10:28:46 A.M. Client_Liaison writeToFile
INFO: Checksum ajouté!
Jun. 27, 2022 10:28:46 A.M. Client_Liaison writeToFile
INFO: Checksum ajouté!
Jun. 27, 2022 10:28:46 A.M. Client_Liaison writeToFile
INFO: Checksum ajouté!
Jun. 27, 2022 10:28:46 A.M. Client_Liaison writeToFile
INFO: Checksum ajouté!
Jun. 27, 2022 10:28:46 A.M. Client_Liaison writeToFile
INFO: Checksum ajouté!
Jun. 27, 2022 10:28:46 A.M. Client_Liaison writeToFile
INFO: Checksum ajouté!
Jun. 27, 2022 10:28:46 A.M. Client_Liaison writeToFile
INFO: Checksum ajouté!
Jun. 27, 2022 10:28:46 A.M. Client_Liaison writeToFile
INFO: Checksum ajouté!
Jun. 27, 2022 10:28:46 A.M. Client_Liaison writeToFile
INFO: Checksum ajouté!
Jun. 27, 2022 10:28:46 A.M. Client_Liaison writeToFile
INFO: Checksum ajouté!
Jun. 27, 2022 10:28:46 A.M. Client_Liaison writeToFile
INFO: Checksum ajouté!
Jun. 27, 2022 10:29:59 A.M. Client_Liaison writeToFile
INFO: Checksum ajouté!
Jun. 27, 2022 10:29:59 A.M. Client_Liaison writeToFile
INFO: Checksum ajouté!
Jun. 27, 2022 10:29:59 A.M. Client_Liaison writeToFile
INFO: Checksum ajouté!
Jun. 27, 2022 10:29:59 A.M. Client_Liaison writeToFile
INFO: Checksum ajouté!
Jun. 27, 2022 10:29:59 A.M. Client_Liaison writeToFile
INFO: Checksum ajouté!
Jun. 27, 2022 10:29:59 A.M. Client_Liaison writeToFile
INFO: Checksum ajouté!
Jun. 27, 2022 10:29:59 A.M. Client_Liaison writeToFile
INFO: Checksum ajouté!
Jun. 27, 2022 10:29:59 A.M. Client_Liaison writeToFile
INFO: Checksum ajouté!
Jun. 27, 2022 10:29:59 A.M. Client_Liaison writeToFile
INFO: Checksum ajouté!
Jun. 27, 2022 10:29:59 A.M. Client_Liaison writeToFile
INFO: Checksum ajouté!
Jun. 27, 2022 10:29:59 A.M. Client_Liaison writeToFile
INFO: Checksum ajouté!
Jun. 27, 2022 10:29:59 A.M. Client_Liaison writeToFile
INFO: Checksum ajouté!
Jun. 27, 2022 10:29:59 A.M. Client_Liaison writeToFile
INFO: Checksum ajouté!
Jun. 27, 2022 10:29:59 A.M. Client_Liaison writeToFile
INFO: Checksum ajouté!
Jun. 27, 2022 10:36:09 A.M. Client_Liaison writeToFile
INFO: Checksum ajouté!
Jun. 27, 2022 10:36:20 A.M. Client_Liaison writeToFile
INFO: Checksum ajouté!
Jun. 27, 2022 10:41:07 A.M. Client_Liaison writeToFile
INFO: Checksum ajouté!
Jun. 27, 2022 10:41:07 A.M. Client_Liaison writeToFile
INFO: Checksum ajouté!
Jun. 27, 2022 10:41:07 A.M. Client_Liaison writeToFile
INFO: Checksum ajouté!
Jun. 27, 2022 10:41:07 A.M. Client_Liaison writeToFile
INFO: Checksum ajouté!
Jun. 27, 2022 10:41:07 A.M. Client_Liaison writeToFile
INFO: Checksum ajouté!
Jun. 27, 2022 10:41:07 A.M. Client_Liaison writeToFile
INFO: Checksum ajouté!
Jun. 27, 2022 10:41:07 A.M. Client_Liaison writeToFile
INFO: Checksum ajouté!
Jun. 27, 2022 10:41:07 A.M. Client_Liaison writeToFile
INFO: Checksum ajouté!
Jun. 27, 2022 10:41:07 A.M. Client_Liaison writeToFile
INFO: Checksum ajouté!
Jun. 27, 2022 10:41:07 A.M. Client_Liaison writeToFile
INFO: Checksum ajouté!
Jun. 27, 2022 10:41:07 A.M. Client_Liaison writeToFile
INFO: Checksum ajouté!
Jun. 27, 2022 10:41:07 A.M. Client_Liaison writeToFile
INFO: Checksum ajouté!
Jun. 27, 2022 10:41:07 A.M. Client_Liaison writeToFile
INFO: Checksum ajouté!
Jun. 27, 2022 10:41:07 A.M. Client_Liaison writeToFile
INFO: Checksum ajouté!
<<<<<<< HEAD
Jun. 27, 2022 10:45:33 A.M. Client_Liaison writeToFile
INFO: Checksum ajouté!
Jun. 27, 2022 10:45:33 A.M. Client_Liaison writeToFile
INFO: Checksum ajouté!
Jun. 27, 2022 10:45:33 A.M. Client_Liaison writeToFile
INFO: Checksum ajouté!
Jun. 27, 2022 10:45:33 A.M. Client_Liaison writeToFile
INFO: Checksum ajouté!
Jun. 27, 2022 10:45:33 A.M. Client_Liaison writeToFile
INFO: Checksum ajouté!
Jun. 27, 2022 10:45:33 A.M. Client_Liaison writeToFile
INFO: Checksum ajouté!
Jun. 27, 2022 10:45:33 A.M. Client_Liaison writeToFile
INFO: Checksum ajouté!
Jun. 27, 2022 10:45:33 A.M. Client_Liaison writeToFile
INFO: Checksum ajouté!
Jun. 27, 2022 10:45:33 A.M. Client_Liaison writeToFile
INFO: Checksum ajouté!
Jun. 27, 2022 10:45:33 A.M. Client_Liaison writeToFile
INFO: Checksum ajouté!
Jun. 27, 2022 10:45:33 A.M. Client_Liaison writeToFile
INFO: Checksum ajouté!
Jun. 27, 2022 10:45:33 A.M. Client_Liaison writeToFile
INFO: Checksum ajouté!
Jun. 27, 2022 10:45:33 A.M. Client_Liaison writeToFile
INFO: Checksum ajouté!
Jun. 27, 2022 10:45:33 A.M. Client_Liaison writeToFile
INFO: Checksum ajouté!
Jun. 27, 2022 10:45:33 A.M. Client_Liaison writeToFile
INFO: Checksum ajouté!
Jun. 27, 2022 11:29:17 A.M. Client_Liaison writeToFile
INFO: Checksum ajouté!
Jun. 27, 2022 11:29:17 A.M. Client_Liaison writeToFile
INFO: Checksum ajouté!
Jun. 27, 2022 11:29:17 A.M. Client_Liaison writeToFile
INFO: Checksum ajouté!
Jun. 27, 2022 11:29:17 A.M. Client_Liaison writeToFile
INFO: Checksum ajouté!
Jun. 27, 2022 11:29:17 A.M. Client_Liaison writeToFile
INFO: Checksum ajouté!
Jun. 27, 2022 11:29:17 A.M. Client_Liaison writeToFile
INFO: Checksum ajouté!
Jun. 27, 2022 11:29:17 A.M. Client_Liaison writeToFile
INFO: Checksum ajouté!
Jun. 27, 2022 11:29:17 A.M. Client_Liaison writeToFile
INFO: Checksum ajouté!
Jun. 27, 2022 11:29:17 A.M. Client_Liaison writeToFile
INFO: Checksum ajouté!
Jun. 27, 2022 11:29:17 A.M. Client_Liaison writeToFile
INFO: Checksum ajouté!
Jun. 27, 2022 11:29:17 A.M. Client_Liaison writeToFile
INFO: Checksum ajouté!
Jun. 27, 2022 11:29:17 A.M. Client_Liaison writeToFile
INFO: Checksum ajouté!
Jun. 27, 2022 11:29:17 A.M. Client_Liaison writeToFile
INFO: Checksum ajouté!
Jun. 27, 2022 11:29:17 A.M. Client_Liaison writeToFile
INFO: Checksum ajouté!
Jun. 27, 2022 11:29:17 A.M. Client_Liaison writeToFile
INFO: Checksum ajouté!
Jun. 27, 2022 11:30:59 A.M. Client_Liaison writeToFile
INFO: Checksum ajouté!
Jun. 27, 2022 11:30:59 A.M. Client_Liaison writeToFile
INFO: Checksum ajouté!
Jun. 27, 2022 11:30:59 A.M. Client_Liaison writeToFile
INFO: Checksum ajouté!
Jun. 27, 2022 11:30:59 A.M. Client_Liaison writeToFile
INFO: Checksum ajouté!
Jun. 27, 2022 11:30:59 A.M. Client_Liaison writeToFile
INFO: Checksum ajouté!
Jun. 27, 2022 11:30:59 A.M. Client_Liaison writeToFile
INFO: Checksum ajouté!
Jun. 27, 2022 11:30:59 A.M. Client_Liaison writeToFile
INFO: Checksum ajouté!
Jun. 27, 2022 11:30:59 A.M. Client_Liaison writeToFile
INFO: Checksum ajouté!
Jun. 27, 2022 11:30:59 A.M. Client_Liaison writeToFile
INFO: Checksum ajouté!
Jun. 27, 2022 11:30:59 A.M. Client_Liaison writeToFile
INFO: Checksum ajouté!
Jun. 27, 2022 11:30:59 A.M. Client_Liaison writeToFile
INFO: Checksum ajouté!
Jun. 27, 2022 11:30:59 A.M. Client_Liaison writeToFile
INFO: Checksum ajouté!
Jun. 27, 2022 11:30:59 A.M. Client_Liaison writeToFile
INFO: Checksum ajouté!
Jun. 27, 2022 11:30:59 A.M. Client_Liaison writeToFile
INFO: Checksum ajouté!
Jun. 27, 2022 11:30:59 A.M. Client_Liaison writeToFile
INFO: Checksum ajouté!
Jun. 27, 2022 11:38:06 A.M. Client_Liaison writeToFile
INFO: Checksum ajouté!
Jun. 27, 2022 11:38:06 A.M. Client_Liaison writeToFile
INFO: Checksum ajouté!
Jun. 27, 2022 11:38:06 A.M. Client_Liaison writeToFile
INFO: Checksum ajouté!
Jun. 27, 2022 11:38:06 A.M. Client_Liaison writeToFile
INFO: Checksum ajouté!
Jun. 27, 2022 11:38:06 A.M. Client_Liaison writeToFile
INFO: Checksum ajouté!
Jun. 27, 2022 11:38:06 A.M. Client_Liaison writeToFile
INFO: Checksum ajouté!
Jun. 27, 2022 11:38:06 A.M. Client_Liaison writeToFile
INFO: Checksum ajouté!
Jun. 27, 2022 11:38:06 A.M. Client_Liaison writeToFile
INFO: Checksum ajouté!
Jun. 27, 2022 11:38:06 A.M. Client_Liaison writeToFile
INFO: Checksum ajouté!
Jun. 27, 2022 11:38:06 A.M. Client_Liaison writeToFile
INFO: Checksum ajouté!
Jun. 27, 2022 11:38:06 A.M. Client_Liaison writeToFile
INFO: Checksum ajouté!
Jun. 27, 2022 11:38:06 A.M. Client_Liaison writeToFile
INFO: Checksum ajouté!
Jun. 27, 2022 11:38:06 A.M. Client_Liaison writeToFile
INFO: Checksum ajouté!
Jun. 27, 2022 11:38:06 A.M. Client_Liaison writeToFile
INFO: Checksum ajouté!
Jun. 27, 2022 11:38:06 A.M. Client_Liaison writeToFile
INFO: Checksum ajouté!
Jun. 27, 2022 11:43:18 A.M. Client_Liaison writeToFile
INFO: Checksum ajouté!
Jun. 27, 2022 11:43:18 A.M. Client_Liaison writeToFile
INFO: Checksum ajouté!
Jun. 27, 2022 11:43:18 A.M. Client_Liaison writeToFile
INFO: Checksum ajouté!
Jun. 27, 2022 11:43:18 A.M. Client_Liaison writeToFile
INFO: Checksum ajouté!
Jun. 27, 2022 11:43:18 A.M. Client_Liaison writeToFile
INFO: Checksum ajouté!
Jun. 27, 2022 11:43:18 A.M. Client_Liaison writeToFile
INFO: Checksum ajouté!
Jun. 27, 2022 11:43:18 A.M. Client_Liaison writeToFile
INFO: Checksum ajouté!
Jun. 27, 2022 11:43:18 A.M. Client_Liaison writeToFile
INFO: Checksum ajouté!
Jun. 27, 2022 11:43:18 A.M. Client_Liaison writeToFile
INFO: Checksum ajouté!
Jun. 27, 2022 11:43:18 A.M. Client_Liaison writeToFile
INFO: Checksum ajouté!
Jun. 27, 2022 11:43:18 A.M. Client_Liaison writeToFile
INFO: Checksum ajouté!
Jun. 27, 2022 11:43:18 A.M. Client_Liaison writeToFile
INFO: Checksum ajouté!
Jun. 27, 2022 11:43:18 A.M. Client_Liaison writeToFile
INFO: Checksum ajouté!
Jun. 27, 2022 11:43:18 A.M. Client_Liaison writeToFile
INFO: Checksum ajouté!
Jun. 27, 2022 11:43:18 A.M. Client_Liaison writeToFile
INFO: Checksum ajouté!
Jun. 27, 2022 11:43:28 A.M. Client_Liaison writeToFile
INFO: Checksum ajouté!
Jun. 27, 2022 11:43:28 A.M. Client_Liaison writeToFile
INFO: Checksum ajouté!
Jun. 27, 2022 11:43:28 A.M. Client_Liaison writeToFile
INFO: Checksum ajouté!
Jun. 27, 2022 11:43:28 A.M. Client_Liaison writeToFile
INFO: Checksum ajouté!
Jun. 27, 2022 11:43:28 A.M. Client_Liaison writeToFile
INFO: Checksum ajouté!
Jun. 27, 2022 11:43:28 A.M. Client_Liaison writeToFile
INFO: Checksum ajouté!
Jun. 27, 2022 11:43:28 A.M. Client_Liaison writeToFile
INFO: Checksum ajouté!
Jun. 27, 2022 11:43:28 A.M. Client_Liaison writeToFile
INFO: Checksum ajouté!
Jun. 27, 2022 11:43:28 A.M. Client_Liaison writeToFile
INFO: Checksum ajouté!
Jun. 27, 2022 11:43:28 A.M. Client_Liaison writeToFile
INFO: Checksum ajouté!
Jun. 27, 2022 11:43:28 A.M. Client_Liaison writeToFile
INFO: Checksum ajouté!
Jun. 27, 2022 11:43:28 A.M. Client_Liaison writeToFile
INFO: Checksum ajouté!
Jun. 27, 2022 11:43:28 A.M. Client_Liaison writeToFile
INFO: Checksum ajouté!
Jun. 27, 2022 11:43:28 A.M. Client_Liaison writeToFile
INFO: Checksum ajouté!
Jun. 27, 2022 11:43:28 A.M. Client_Liaison writeToFile
INFO: Checksum ajouté!
Jun. 27, 2022 1:05:52 P.M. Client_Liaison writeToFile
INFO: Checksum ajouté!
Jun. 27, 2022 1:05:52 P.M. Client_Liaison writeToFile
INFO: Checksum ajouté!
Jun. 27, 2022 1:05:52 P.M. Client_Liaison writeToFile
INFO: Checksum ajouté!
Jun. 27, 2022 1:05:52 P.M. Client_Liaison writeToFile
INFO: Checksum ajouté!
Jun. 27, 2022 1:05:52 P.M. Client_Liaison writeToFile
INFO: Checksum ajouté!
Jun. 27, 2022 1:05:52 P.M. Client_Liaison writeToFile
INFO: Checksum ajouté!
Jun. 27, 2022 1:05:52 P.M. Client_Liaison writeToFile
INFO: Checksum ajouté!
Jun. 27, 2022 1:05:52 P.M. Client_Liaison writeToFile
INFO: Checksum ajouté!
Jun. 27, 2022 1:05:52 P.M. Client_Liaison writeToFile
INFO: Checksum ajouté!
Jun. 27, 2022 1:05:52 P.M. Client_Liaison writeToFile
INFO: Checksum ajouté!
Jun. 27, 2022 1:05:52 P.M. Client_Liaison writeToFile
INFO: Checksum ajouté!
Jun. 27, 2022 1:05:52 P.M. Client_Liaison writeToFile
INFO: Checksum ajouté!
Jun. 27, 2022 1:05:52 P.M. Client_Liaison writeToFile
INFO: Checksum ajouté!
Jun. 27, 2022 1:05:52 P.M. Client_Liaison writeToFile
INFO: Checksum ajouté!
Jun. 27, 2022 1:05:52 P.M. Client_Liaison writeToFile
INFO: Checksum ajouté!
Jun. 27, 2022 1:06:18 P.M. Client_Liaison writeToFile
INFO: Checksum ajouté!
Jun. 27, 2022 1:06:18 P.M. Client_Liaison writeToFile
INFO: Checksum ajouté!
Jun. 27, 2022 1:06:18 P.M. Client_Liaison writeToFile
INFO: Checksum ajouté!
Jun. 27, 2022 1:06:18 P.M. Client_Liaison writeToFile
INFO: Checksum ajouté!
Jun. 27, 2022 1:06:18 P.M. Client_Liaison writeToFile
INFO: Checksum ajouté!
Jun. 27, 2022 1:06:18 P.M. Client_Liaison writeToFile
INFO: Checksum ajouté!
Jun. 27, 2022 1:06:18 P.M. Client_Liaison writeToFile
INFO: Checksum ajouté!
Jun. 27, 2022 1:06:18 P.M. Client_Liaison writeToFile
INFO: Checksum ajouté!
Jun. 27, 2022 1:06:18 P.M. Client_Liaison writeToFile
INFO: Checksum ajouté!
Jun. 27, 2022 1:06:18 P.M. Client_Liaison writeToFile
INFO: Checksum ajouté!
Jun. 27, 2022 1:06:18 P.M. Client_Liaison writeToFile
INFO: Checksum ajouté!
Jun. 27, 2022 1:06:18 P.M. Client_Liaison writeToFile
INFO: Checksum ajouté!
Jun. 27, 2022 1:06:18 P.M. Client_Liaison writeToFile
INFO: Checksum ajouté!
Jun. 27, 2022 1:06:18 P.M. Client_Liaison writeToFile
INFO: Checksum ajouté!
Jun. 27, 2022 1:06:18 P.M. Client_Liaison writeToFile
INFO: Checksum ajouté!
Jun. 27, 2022 1:06:53 P.M. Client_Liaison writeToFile
INFO: Checksum ajouté!
Jun. 27, 2022 1:06:53 P.M. Client_Liaison writeToFile
INFO: Checksum ajouté!
Jun. 27, 2022 1:06:53 P.M. Client_Liaison writeToFile
INFO: Checksum ajouté!
Jun. 27, 2022 1:06:53 P.M. Client_Liaison writeToFile
INFO: Checksum ajouté!
Jun. 27, 2022 1:06:53 P.M. Client_Liaison writeToFile
INFO: Checksum ajouté!
Jun. 27, 2022 1:06:53 P.M. Client_Liaison writeToFile
INFO: Checksum ajouté!
Jun. 27, 2022 1:06:53 P.M. Client_Liaison writeToFile
INFO: Checksum ajouté!
Jun. 27, 2022 1:06:53 P.M. Client_Liaison writeToFile
INFO: Checksum ajouté!
Jun. 27, 2022 1:06:53 P.M. Client_Liaison writeToFile
INFO: Checksum ajouté!
Jun. 27, 2022 1:06:53 P.M. Client_Liaison writeToFile
INFO: Checksum ajouté!
Jun. 27, 2022 1:06:53 P.M. Client_Liaison writeToFile
INFO: Checksum ajouté!
Jun. 27, 2022 1:06:53 P.M. Client_Liaison writeToFile
INFO: Checksum ajouté!
Jun. 27, 2022 1:06:53 P.M. Client_Liaison writeToFile
INFO: Checksum ajouté!
Jun. 27, 2022 1:06:53 P.M. Client_Liaison writeToFile
INFO: Checksum ajouté!
Jun. 27, 2022 1:06:53 P.M. Client_Liaison writeToFile
INFO: Checksum ajouté!
Jun. 27, 2022 1:07:10 P.M. Client_Liaison writeToFile
INFO: Checksum ajouté!
Jun. 27, 2022 1:07:10 P.M. Client_Liaison writeToFile
INFO: Checksum ajouté!
Jun. 27, 2022 1:07:10 P.M. Client_Liaison writeToFile
INFO: Checksum ajouté!
Jun. 27, 2022 1:07:10 P.M. Client_Liaison writeToFile
INFO: Checksum ajouté!
Jun. 27, 2022 1:07:10 P.M. Client_Liaison writeToFile
INFO: Checksum ajouté!
Jun. 27, 2022 1:07:10 P.M. Client_Liaison writeToFile
INFO: Checksum ajouté!
Jun. 27, 2022 1:07:10 P.M. Client_Liaison writeToFile
INFO: Checksum ajouté!
Jun. 27, 2022 1:07:10 P.M. Client_Liaison writeToFile
INFO: Checksum ajouté!
Jun. 27, 2022 1:07:10 P.M. Client_Liaison writeToFile
INFO: Checksum ajouté!
Jun. 27, 2022 1:07:10 P.M. Client_Liaison writeToFile
INFO: Checksum ajouté!
Jun. 27, 2022 1:07:10 P.M. Client_Liaison writeToFile
INFO: Checksum ajouté!
Jun. 27, 2022 1:07:10 P.M. Client_Liaison writeToFile
INFO: Checksum ajouté!
Jun. 27, 2022 1:07:10 P.M. Client_Liaison writeToFile
INFO: Checksum ajouté!
Jun. 27, 2022 1:07:10 P.M. Client_Liaison writeToFile
INFO: Checksum ajouté!
Jun. 27, 2022 1:07:10 P.M. Client_Liaison writeToFile
INFO: Checksum ajouté!
Jun. 27, 2022 1:08:01 P.M. Client_Liaison writeToFile
INFO: Checksum ajouté!
Jun. 27, 2022 1:08:01 P.M. Client_Liaison writeToFile
INFO: Checksum ajouté!
Jun. 27, 2022 1:08:01 P.M. Client_Liaison writeToFile
INFO: Checksum ajouté!
Jun. 27, 2022 1:08:01 P.M. Client_Liaison writeToFile
INFO: Checksum ajouté!
Jun. 27, 2022 1:08:01 P.M. Client_Liaison writeToFile
INFO: Checksum ajouté!
Jun. 27, 2022 1:08:01 P.M. Client_Liaison writeToFile
INFO: Checksum ajouté!
Jun. 27, 2022 1:08:01 P.M. Client_Liaison writeToFile
INFO: Checksum ajouté!
Jun. 27, 2022 1:08:01 P.M. Client_Liaison writeToFile
INFO: Checksum ajouté!
Jun. 27, 2022 1:08:01 P.M. Client_Liaison writeToFile
INFO: Checksum ajouté!
Jun. 27, 2022 1:08:01 P.M. Client_Liaison writeToFile
INFO: Checksum ajouté!
Jun. 27, 2022 1:08:01 P.M. Client_Liaison writeToFile
INFO: Checksum ajouté!
Jun. 27, 2022 1:08:01 P.M. Client_Liaison writeToFile
INFO: Checksum ajouté!
Jun. 27, 2022 1:08:01 P.M. Client_Liaison writeToFile
INFO: Checksum ajouté!
Jun. 27, 2022 1:08:01 P.M. Client_Liaison writeToFile
INFO: Checksum ajouté!
Jun. 27, 2022 1:08:01 P.M. Client_Liaison writeToFile
INFO: Checksum ajouté!
Jun. 27, 2022 1:09:52 P.M. Client_Liaison writeToFile
INFO: Checksum ajouté!
Jun. 27, 2022 1:09:52 P.M. Client_Liaison writeToFile
INFO: Checksum ajouté!
Jun. 27, 2022 1:09:52 P.M. Client_Liaison writeToFile
INFO: Checksum ajouté!
Jun. 27, 2022 1:09:52 P.M. Client_Liaison writeToFile
INFO: Checksum ajouté!
Jun. 27, 2022 1:09:52 P.M. Client_Liaison writeToFile
INFO: Checksum ajouté!
Jun. 27, 2022 1:09:52 P.M. Client_Liaison writeToFile
INFO: Checksum ajouté!
Jun. 27, 2022 1:09:52 P.M. Client_Liaison writeToFile
INFO: Checksum ajouté!
Jun. 27, 2022 1:09:52 P.M. Client_Liaison writeToFile
INFO: Checksum ajouté!
Jun. 27, 2022 1:09:52 P.M. Client_Liaison writeToFile
INFO: Checksum ajouté!
Jun. 27, 2022 1:09:52 P.M. Client_Liaison writeToFile
INFO: Checksum ajouté!
Jun. 27, 2022 1:09:52 P.M. Client_Liaison writeToFile
INFO: Checksum ajouté!
Jun. 27, 2022 1:09:52 P.M. Client_Liaison writeToFile
INFO: Checksum ajouté!
Jun. 27, 2022 1:09:52 P.M. Client_Liaison writeToFile
INFO: Checksum ajouté!
Jun. 27, 2022 1:09:52 P.M. Client_Liaison writeToFile
INFO: Checksum ajouté!
Jun. 27, 2022 1:09:52 P.M. Client_Liaison writeToFile
INFO: Checksum ajouté!
Jun. 27, 2022 1:11:39 P.M. Client_Liaison writeToFile
INFO: Checksum ajouté!
Jun. 27, 2022 1:11:39 P.M. Client_Liaison writeToFile
INFO: Checksum ajouté!
Jun. 27, 2022 1:11:39 P.M. Client_Liaison writeToFile
INFO: Checksum ajouté!
Jun. 27, 2022 1:11:39 P.M. Client_Liaison writeToFile
INFO: Checksum ajouté!
Jun. 27, 2022 1:11:39 P.M. Client_Liaison writeToFile
INFO: Checksum ajouté!
Jun. 27, 2022 1:11:39 P.M. Client_Liaison writeToFile
INFO: Checksum ajouté!
Jun. 27, 2022 1:11:39 P.M. Client_Liaison writeToFile
INFO: Checksum ajouté!
Jun. 27, 2022 1:11:39 P.M. Client_Liaison writeToFile
INFO: Checksum ajouté!
Jun. 27, 2022 1:11:39 P.M. Client_Liaison writeToFile
INFO: Checksum ajouté!
Jun. 27, 2022 1:11:39 P.M. Client_Liaison writeToFile
INFO: Checksum ajouté!
Jun. 27, 2022 1:11:39 P.M. Client_Liaison writeToFile
INFO: Checksum ajouté!
Jun. 27, 2022 1:11:39 P.M. Client_Liaison writeToFile
INFO: Checksum ajouté!
Jun. 27, 2022 1:11:39 P.M. Client_Liaison writeToFile
INFO: Checksum ajouté!
Jun. 27, 2022 1:11:39 P.M. Client_Liaison writeToFile
INFO: Checksum ajouté!
Jun. 27, 2022 1:11:39 P.M. Client_Liaison writeToFile
INFO: Checksum ajouté!
Jun. 27, 2022 1:11:55 P.M. Client_Liaison writeToFile
INFO: Checksum ajouté!
Jun. 27, 2022 1:11:55 P.M. Client_Liaison writeToFile
INFO: Checksum ajouté!
Jun. 27, 2022 1:11:55 P.M. Client_Liaison writeToFile
INFO: Checksum ajouté!
Jun. 27, 2022 1:11:55 P.M. Client_Liaison writeToFile
INFO: Checksum ajouté!
Jun. 27, 2022 1:11:55 P.M. Client_Liaison writeToFile
INFO: Checksum ajouté!
Jun. 27, 2022 1:11:55 P.M. Client_Liaison writeToFile
INFO: Checksum ajouté!
Jun. 27, 2022 1:11:55 P.M. Client_Liaison writeToFile
INFO: Checksum ajouté!
Jun. 27, 2022 1:11:55 P.M. Client_Liaison writeToFile
INFO: Checksum ajouté!
Jun. 27, 2022 1:11:55 P.M. Client_Liaison writeToFile
INFO: Checksum ajouté!
Jun. 27, 2022 1:11:55 P.M. Client_Liaison writeToFile
INFO: Checksum ajouté!
Jun. 27, 2022 1:11:55 P.M. Client_Liaison writeToFile
INFO: Checksum ajouté!
Jun. 27, 2022 1:11:55 P.M. Client_Liaison writeToFile
INFO: Checksum ajouté!
Jun. 27, 2022 1:11:55 P.M. Client_Liaison writeToFile
INFO: Checksum ajouté!
Jun. 27, 2022 1:11:55 P.M. Client_Liaison writeToFile
INFO: Checksum ajouté!
Jun. 27, 2022 1:11:55 P.M. Client_Liaison writeToFile
INFO: Checksum ajouté!
Jun. 27, 2022 1:12:37 P.M. Client_Liaison writeToFile
INFO: Checksum ajouté!
Jun. 27, 2022 1:12:37 P.M. Client_Liaison writeToFile
INFO: Checksum ajouté!
Jun. 27, 2022 1:12:37 P.M. Client_Liaison writeToFile
INFO: Checksum ajouté!
Jun. 27, 2022 1:12:37 P.M. Client_Liaison writeToFile
INFO: Checksum ajouté!
Jun. 27, 2022 1:12:37 P.M. Client_Liaison writeToFile
INFO: Checksum ajouté!
Jun. 27, 2022 1:12:37 P.M. Client_Liaison writeToFile
INFO: Checksum ajouté!
Jun. 27, 2022 1:12:37 P.M. Client_Liaison writeToFile
INFO: Checksum ajouté!
Jun. 27, 2022 1:12:37 P.M. Client_Liaison writeToFile
INFO: Checksum ajouté!
Jun. 27, 2022 1:12:37 P.M. Client_Liaison writeToFile
INFO: Checksum ajouté!
Jun. 27, 2022 1:12:37 P.M. Client_Liaison writeToFile
INFO: Checksum ajouté!
Jun. 27, 2022 1:12:37 P.M. Client_Liaison writeToFile
INFO: Checksum ajouté!
Jun. 27, 2022 1:12:37 P.M. Client_Liaison writeToFile
INFO: Checksum ajouté!
Jun. 27, 2022 1:12:37 P.M. Client_Liaison writeToFile
INFO: Checksum ajouté!
Jun. 27, 2022 1:12:37 P.M. Client_Liaison writeToFile
INFO: Checksum ajouté!
Jun. 27, 2022 1:12:37 P.M. Client_Liaison writeToFile
INFO: Checksum ajouté!
Jun. 27, 2022 1:13:04 P.M. Client_Liaison writeToFile
INFO: Checksum ajouté!
Jun. 27, 2022 1:13:04 P.M. Client_Liaison writeToFile
INFO: Checksum ajouté!
Jun. 27, 2022 1:13:04 P.M. Client_Liaison writeToFile
INFO: Checksum ajouté!
Jun. 27, 2022 1:13:04 P.M. Client_Liaison writeToFile
INFO: Checksum ajouté!
Jun. 27, 2022 1:13:04 P.M. Client_Liaison writeToFile
INFO: Checksum ajouté!
Jun. 27, 2022 1:13:04 P.M. Client_Liaison writeToFile
INFO: Checksum ajouté!
Jun. 27, 2022 1:13:04 P.M. Client_Liaison writeToFile
INFO: Checksum ajouté!
Jun. 27, 2022 1:13:04 P.M. Client_Liaison writeToFile
INFO: Checksum ajouté!
Jun. 27, 2022 1:13:04 P.M. Client_Liaison writeToFile
INFO: Checksum ajouté!
Jun. 27, 2022 1:13:04 P.M. Client_Liaison writeToFile
INFO: Checksum ajouté!
Jun. 27, 2022 1:13:04 P.M. Client_Liaison writeToFile
INFO: Checksum ajouté!
Jun. 27, 2022 1:13:04 P.M. Client_Liaison writeToFile
INFO: Checksum ajouté!
Jun. 27, 2022 1:13:04 P.M. Client_Liaison writeToFile
INFO: Checksum ajouté!
Jun. 27, 2022 1:13:04 P.M. Client_Liaison writeToFile
INFO: Checksum ajouté!
Jun. 27, 2022 1:13:04 P.M. Client_Liaison writeToFile
INFO: Checksum ajouté!
Jun. 27, 2022 1:13:33 P.M. Client_Liaison writeToFile
INFO: Checksum ajouté!
Jun. 27, 2022 1:13:33 P.M. Client_Liaison writeToFile
INFO: Checksum ajouté!
Jun. 27, 2022 1:13:33 P.M. Client_Liaison writeToFile
INFO: Checksum ajouté!
Jun. 27, 2022 1:13:33 P.M. Client_Liaison writeToFile
INFO: Checksum ajouté!
Jun. 27, 2022 1:13:33 P.M. Client_Liaison writeToFile
INFO: Checksum ajouté!
Jun. 27, 2022 1:13:33 P.M. Client_Liaison writeToFile
INFO: Checksum ajouté!
Jun. 27, 2022 1:13:33 P.M. Client_Liaison writeToFile
INFO: Checksum ajouté!
Jun. 27, 2022 1:13:33 P.M. Client_Liaison writeToFile
INFO: Checksum ajouté!
Jun. 27, 2022 1:13:33 P.M. Client_Liaison writeToFile
INFO: Checksum ajouté!
Jun. 27, 2022 1:13:33 P.M. Client_Liaison writeToFile
INFO: Checksum ajouté!
Jun. 27, 2022 1:13:33 P.M. Client_Liaison writeToFile
INFO: Checksum ajouté!
Jun. 27, 2022 1:13:33 P.M. Client_Liaison writeToFile
INFO: Checksum ajouté!
Jun. 27, 2022 1:13:33 P.M. Client_Liaison writeToFile
INFO: Checksum ajouté!
Jun. 27, 2022 1:13:33 P.M. Client_Liaison writeToFile
INFO: Checksum ajouté!
Jun. 27, 2022 1:13:33 P.M. Client_Liaison writeToFile
INFO: Checksum ajouté!
Jun. 27, 2022 1:14:30 P.M. Client_Liaison writeToFile
INFO: Checksum ajouté!
Jun. 27, 2022 1:14:30 P.M. Client_Liaison writeToFile
INFO: Checksum ajouté!
Jun. 27, 2022 1:14:30 P.M. Client_Liaison writeToFile
INFO: Checksum ajouté!
Jun. 27, 2022 1:14:30 P.M. Client_Liaison writeToFile
INFO: Checksum ajouté!
Jun. 27, 2022 1:14:30 P.M. Client_Liaison writeToFile
INFO: Checksum ajouté!
Jun. 27, 2022 1:14:30 P.M. Client_Liaison writeToFile
INFO: Checksum ajouté!
Jun. 27, 2022 1:14:30 P.M. Client_Liaison writeToFile
INFO: Checksum ajouté!
Jun. 27, 2022 1:14:30 P.M. Client_Liaison writeToFile
INFO: Checksum ajouté!
Jun. 27, 2022 1:14:30 P.M. Client_Liaison writeToFile
INFO: Checksum ajouté!
Jun. 27, 2022 1:14:30 P.M. Client_Liaison writeToFile
INFO: Checksum ajouté!
Jun. 27, 2022 1:14:30 P.M. Client_Liaison writeToFile
INFO: Checksum ajouté!
Jun. 27, 2022 1:14:30 P.M. Client_Liaison writeToFile
INFO: Checksum ajouté!
Jun. 27, 2022 1:14:30 P.M. Client_Liaison writeToFile
INFO: Checksum ajouté!
Jun. 27, 2022 1:14:30 P.M. Client_Liaison writeToFile
INFO: Checksum ajouté!
Jun. 27, 2022 1:14:30 P.M. Client_Liaison writeToFile
INFO: Checksum ajouté!
Jun. 27, 2022 1:14:40 P.M. Client_Liaison writeToFile
INFO: Checksum ajouté!
Jun. 27, 2022 1:14:40 P.M. Client_Liaison writeToFile
INFO: Checksum ajouté!
Jun. 27, 2022 1:14:40 P.M. Client_Liaison writeToFile
INFO: Checksum ajouté!
Jun. 27, 2022 1:14:40 P.M. Client_Liaison writeToFile
INFO: Checksum ajouté!
Jun. 27, 2022 1:14:40 P.M. Client_Liaison writeToFile
INFO: Checksum ajouté!
Jun. 27, 2022 1:14:40 P.M. Client_Liaison writeToFile
INFO: Checksum ajouté!
Jun. 27, 2022 1:14:40 P.M. Client_Liaison writeToFile
INFO: Checksum ajouté!
Jun. 27, 2022 1:14:40 P.M. Client_Liaison writeToFile
INFO: Checksum ajouté!
Jun. 27, 2022 1:14:40 P.M. Client_Liaison writeToFile
INFO: Checksum ajouté!
Jun. 27, 2022 1:14:40 P.M. Client_Liaison writeToFile
INFO: Checksum ajouté!
Jun. 27, 2022 1:14:40 P.M. Client_Liaison writeToFile
INFO: Checksum ajouté!
Jun. 27, 2022 1:14:40 P.M. Client_Liaison writeToFile
INFO: Checksum ajouté!
Jun. 27, 2022 1:14:40 P.M. Client_Liaison writeToFile
INFO: Checksum ajouté!
Jun. 27, 2022 1:14:40 P.M. Client_Liaison writeToFile
INFO: Checksum ajouté!
Jun. 27, 2022 1:14:40 P.M. Client_Liaison writeToFile
INFO: Checksum ajouté!
Jun. 27, 2022 1:15:18 P.M. Client_Liaison writeToFile
INFO: Checksum ajouté!
Jun. 27, 2022 1:15:18 P.M. Client_Liaison writeToFile
INFO: Checksum ajouté!
Jun. 27, 2022 1:15:18 P.M. Client_Liaison writeToFile
INFO: Checksum ajouté!
Jun. 27, 2022 1:15:18 P.M. Client_Liaison writeToFile
INFO: Checksum ajouté!
Jun. 27, 2022 1:15:18 P.M. Client_Liaison writeToFile
INFO: Checksum ajouté!
Jun. 27, 2022 1:15:18 P.M. Client_Liaison writeToFile
INFO: Checksum ajouté!
Jun. 27, 2022 1:15:18 P.M. Client_Liaison writeToFile
INFO: Checksum ajouté!
Jun. 27, 2022 1:15:18 P.M. Client_Liaison writeToFile
INFO: Checksum ajouté!
Jun. 27, 2022 1:15:18 P.M. Client_Liaison writeToFile
INFO: Checksum ajouté!
Jun. 27, 2022 1:15:18 P.M. Client_Liaison writeToFile
INFO: Checksum ajouté!
Jun. 27, 2022 1:15:18 P.M. Client_Liaison writeToFile
INFO: Checksum ajouté!
Jun. 27, 2022 1:15:18 P.M. Client_Liaison writeToFile
INFO: Checksum ajouté!
Jun. 27, 2022 1:15:18 P.M. Client_Liaison writeToFile
INFO: Checksum ajouté!
Jun. 27, 2022 1:15:18 P.M. Client_Liaison writeToFile
INFO: Checksum ajouté!
Jun. 27, 2022 1:15:18 P.M. Client_Liaison writeToFile
INFO: Checksum ajouté!
Jun. 27, 2022 1:17:14 P.M. Client_Liaison writeToFile
INFO: Checksum ajouté!
Jun. 27, 2022 1:17:14 P.M. Client_Liaison writeToFile
INFO: Checksum ajouté!
Jun. 27, 2022 1:17:14 P.M. Client_Liaison writeToFile
INFO: Checksum ajouté!
Jun. 27, 2022 1:17:14 P.M. Client_Liaison writeToFile
INFO: Checksum ajouté!
Jun. 27, 2022 1:17:14 P.M. Client_Liaison writeToFile
INFO: Checksum ajouté!
Jun. 27, 2022 1:17:14 P.M. Client_Liaison writeToFile
INFO: Checksum ajouté!
Jun. 27, 2022 1:17:14 P.M. Client_Liaison writeToFile
INFO: Checksum ajouté!
Jun. 27, 2022 1:17:14 P.M. Client_Liaison writeToFile
INFO: Checksum ajouté!
Jun. 27, 2022 1:17:14 P.M. Client_Liaison writeToFile
INFO: Checksum ajouté!
Jun. 27, 2022 1:17:14 P.M. Client_Liaison writeToFile
INFO: Checksum ajouté!
Jun. 27, 2022 1:17:14 P.M. Client_Liaison writeToFile
INFO: Checksum ajouté!
Jun. 27, 2022 1:17:14 P.M. Client_Liaison writeToFile
INFO: Checksum ajouté!
Jun. 27, 2022 1:17:14 P.M. Client_Liaison writeToFile
INFO: Checksum ajouté!
Jun. 27, 2022 1:17:14 P.M. Client_Liaison writeToFile
INFO: Checksum ajouté!
Jun. 27, 2022 1:17:14 P.M. Client_Liaison writeToFile
INFO: Checksum ajouté!
Jun. 27, 2022 1:17:29 P.M. Client_Liaison writeToFile
INFO: Checksum ajouté!
Jun. 27, 2022 1:17:29 P.M. Client_Liaison writeToFile
INFO: Checksum ajouté!
Jun. 27, 2022 1:17:29 P.M. Client_Liaison writeToFile
INFO: Checksum ajouté!
Jun. 27, 2022 1:17:29 P.M. Client_Liaison writeToFile
INFO: Checksum ajouté!
Jun. 27, 2022 1:17:29 P.M. Client_Liaison writeToFile
INFO: Checksum ajouté!
Jun. 27, 2022 1:17:29 P.M. Client_Liaison writeToFile
INFO: Checksum ajouté!
Jun. 27, 2022 1:17:29 P.M. Client_Liaison writeToFile
INFO: Checksum ajouté!
Jun. 27, 2022 1:17:29 P.M. Client_Liaison writeToFile
INFO: Checksum ajouté!
Jun. 27, 2022 1:17:29 P.M. Client_Liaison writeToFile
INFO: Checksum ajouté!
Jun. 27, 2022 1:17:29 P.M. Client_Liaison writeToFile
INFO: Checksum ajouté!
Jun. 27, 2022 1:17:29 P.M. Client_Liaison writeToFile
INFO: Checksum ajouté!
Jun. 27, 2022 1:17:29 P.M. Client_Liaison writeToFile
INFO: Checksum ajouté!
Jun. 27, 2022 1:17:29 P.M. Client_Liaison writeToFile
INFO: Checksum ajouté!
Jun. 27, 2022 1:17:29 P.M. Client_Liaison writeToFile
INFO: Checksum ajouté!
Jun. 27, 2022 1:17:29 P.M. Client_Liaison writeToFile
INFO: Checksum ajouté!
Jun. 27, 2022 1:17:44 P.M. Client_Liaison writeToFile
INFO: Checksum ajouté!
Jun. 27, 2022 1:17:44 P.M. Client_Liaison writeToFile
INFO: Checksum ajouté!
Jun. 27, 2022 1:17:44 P.M. Client_Liaison writeToFile
INFO: Checksum ajouté!
Jun. 27, 2022 1:17:44 P.M. Client_Liaison writeToFile
INFO: Checksum ajouté!
Jun. 27, 2022 1:17:44 P.M. Client_Liaison writeToFile
INFO: Checksum ajouté!
Jun. 27, 2022 1:17:44 P.M. Client_Liaison writeToFile
INFO: Checksum ajouté!
Jun. 27, 2022 1:17:44 P.M. Client_Liaison writeToFile
INFO: Checksum ajouté!
Jun. 27, 2022 1:17:44 P.M. Client_Liaison writeToFile
INFO: Checksum ajouté!
Jun. 27, 2022 1:17:44 P.M. Client_Liaison writeToFile
INFO: Checksum ajouté!
Jun. 27, 2022 1:17:44 P.M. Client_Liaison writeToFile
INFO: Checksum ajouté!
Jun. 27, 2022 1:17:44 P.M. Client_Liaison writeToFile
INFO: Checksum ajouté!
Jun. 27, 2022 1:17:44 P.M. Client_Liaison writeToFile
INFO: Checksum ajouté!
Jun. 27, 2022 1:17:44 P.M. Client_Liaison writeToFile
INFO: Checksum ajouté!
Jun. 27, 2022 1:17:44 P.M. Client_Liaison writeToFile
INFO: Checksum ajouté!
Jun. 27, 2022 1:17:44 P.M. Client_Liaison writeToFile
INFO: Checksum ajouté!
Jun. 27, 2022 1:18:13 P.M. Client_Liaison writeToFile
INFO: Checksum ajouté!
Jun. 27, 2022 1:18:13 P.M. Client_Liaison writeToFile
INFO: Checksum ajouté!
Jun. 27, 2022 1:18:13 P.M. Client_Liaison writeToFile
INFO: Checksum ajouté!
Jun. 27, 2022 1:18:13 P.M. Client_Liaison writeToFile
INFO: Checksum ajouté!
Jun. 27, 2022 1:18:13 P.M. Client_Liaison writeToFile
INFO: Checksum ajouté!
Jun. 27, 2022 1:18:13 P.M. Client_Liaison writeToFile
INFO: Checksum ajouté!
Jun. 27, 2022 1:18:13 P.M. Client_Liaison writeToFile
INFO: Checksum ajouté!
Jun. 27, 2022 1:18:13 P.M. Client_Liaison writeToFile
INFO: Checksum ajouté!
Jun. 27, 2022 1:18:13 P.M. Client_Liaison writeToFile
INFO: Checksum ajouté!
Jun. 27, 2022 1:18:13 P.M. Client_Liaison writeToFile
INFO: Checksum ajouté!
Jun. 27, 2022 1:18:13 P.M. Client_Liaison writeToFile
INFO: Checksum ajouté!
Jun. 27, 2022 1:18:13 P.M. Client_Liaison writeToFile
INFO: Checksum ajouté!
Jun. 27, 2022 1:18:13 P.M. Client_Liaison writeToFile
INFO: Checksum ajouté!
Jun. 27, 2022 1:18:13 P.M. Client_Liaison writeToFile
INFO: Checksum ajouté!
Jun. 27, 2022 1:18:13 P.M. Client_Liaison writeToFile
INFO: Checksum ajouté!
Jun. 27, 2022 1:19:17 P.M. Client_Liaison writeToFile
INFO: Checksum ajouté!
Jun. 27, 2022 1:19:17 P.M. Client_Liaison writeToFile
INFO: Checksum ajouté!
Jun. 27, 2022 1:19:17 P.M. Client_Liaison writeToFile
INFO: Checksum ajouté!
Jun. 27, 2022 1:19:17 P.M. Client_Liaison writeToFile
INFO: Checksum ajouté!
Jun. 27, 2022 1:19:17 P.M. Client_Liaison writeToFile
INFO: Checksum ajouté!
Jun. 27, 2022 1:19:17 P.M. Client_Liaison writeToFile
INFO: Checksum ajouté!
Jun. 27, 2022 1:19:17 P.M. Client_Liaison writeToFile
INFO: Checksum ajouté!
Jun. 27, 2022 1:19:17 P.M. Client_Liaison writeToFile
INFO: Checksum ajouté!
Jun. 27, 2022 1:19:17 P.M. Client_Liaison writeToFile
INFO: Checksum ajouté!
Jun. 27, 2022 1:19:17 P.M. Client_Liaison writeToFile
INFO: Checksum ajouté!
Jun. 27, 2022 1:19:17 P.M. Client_Liaison writeToFile
INFO: Checksum ajouté!
Jun. 27, 2022 1:19:17 P.M. Client_Liaison writeToFile
INFO: Checksum ajouté!
Jun. 27, 2022 1:19:17 P.M. Client_Liaison writeToFile
INFO: Checksum ajouté!
Jun. 27, 2022 1:19:17 P.M. Client_Liaison writeToFile
INFO: Checksum ajouté!
Jun. 27, 2022 1:19:17 P.M. Client_Liaison writeToFile
INFO: Checksum ajouté!
Jun. 27, 2022 1:19:36 P.M. Client_Liaison writeToFile
INFO: Checksum ajouté!
Jun. 27, 2022 1:19:36 P.M. Client_Liaison writeToFile
INFO: Checksum ajouté!
Jun. 27, 2022 1:19:36 P.M. Client_Liaison writeToFile
INFO: Checksum ajouté!
Jun. 27, 2022 1:19:36 P.M. Client_Liaison writeToFile
INFO: Checksum ajouté!
Jun. 27, 2022 1:19:36 P.M. Client_Liaison writeToFile
INFO: Checksum ajouté!
Jun. 27, 2022 1:19:36 P.M. Client_Liaison writeToFile
INFO: Checksum ajouté!
Jun. 27, 2022 1:19:36 P.M. Client_Liaison writeToFile
INFO: Checksum ajouté!
Jun. 27, 2022 1:19:36 P.M. Client_Liaison writeToFile
INFO: Checksum ajouté!
Jun. 27, 2022 1:19:36 P.M. Client_Liaison writeToFile
INFO: Checksum ajouté!
Jun. 27, 2022 1:19:36 P.M. Client_Liaison writeToFile
INFO: Checksum ajouté!
Jun. 27, 2022 1:19:36 P.M. Client_Liaison writeToFile
INFO: Checksum ajouté!
Jun. 27, 2022 1:19:36 P.M. Client_Liaison writeToFile
INFO: Checksum ajouté!
Jun. 27, 2022 1:19:36 P.M. Client_Liaison writeToFile
INFO: Checksum ajouté!
Jun. 27, 2022 1:19:36 P.M. Client_Liaison writeToFile
INFO: Checksum ajouté!
Jun. 27, 2022 1:19:36 P.M. Client_Liaison writeToFile
INFO: Checksum ajouté!
Jun. 27, 2022 1:20:39 P.M. Client_Liaison writeToFile
INFO: Checksum ajouté!
Jun. 27, 2022 1:20:39 P.M. Client_Liaison writeToFile
INFO: Checksum ajouté!
Jun. 27, 2022 1:20:39 P.M. Client_Liaison writeToFile
INFO: Checksum ajouté!
Jun. 27, 2022 1:20:39 P.M. Client_Liaison writeToFile
INFO: Checksum ajouté!
Jun. 27, 2022 1:20:39 P.M. Client_Liaison writeToFile
INFO: Checksum ajouté!
Jun. 27, 2022 1:20:39 P.M. Client_Liaison writeToFile
INFO: Checksum ajouté!
Jun. 27, 2022 1:20:39 P.M. Client_Liaison writeToFile
INFO: Checksum ajouté!
Jun. 27, 2022 1:20:39 P.M. Client_Liaison writeToFile
INFO: Checksum ajouté!
Jun. 27, 2022 1:20:39 P.M. Client_Liaison writeToFile
INFO: Checksum ajouté!
Jun. 27, 2022 1:20:39 P.M. Client_Liaison writeToFile
INFO: Checksum ajouté!
Jun. 27, 2022 1:20:39 P.M. Client_Liaison writeToFile
INFO: Checksum ajouté!
Jun. 27, 2022 1:20:39 P.M. Client_Liaison writeToFile
INFO: Checksum ajouté!
Jun. 27, 2022 1:20:39 P.M. Client_Liaison writeToFile
INFO: Checksum ajouté!
Jun. 27, 2022 1:20:39 P.M. Client_Liaison writeToFile
INFO: Checksum ajouté!
Jun. 27, 2022 1:20:39 P.M. Client_Liaison writeToFile
INFO: Checksum ajouté!
Jun. 27, 2022 1:22:12 P.M. Client_Liaison writeToFile
INFO: Checksum ajouté!
Jun. 27, 2022 1:22:12 P.M. Client_Liaison writeToFile
INFO: Checksum ajouté!
Jun. 27, 2022 1:22:12 P.M. Client_Liaison writeToFile
INFO: Checksum ajouté!
Jun. 27, 2022 1:22:12 P.M. Client_Liaison writeToFile
INFO: Checksum ajouté!
Jun. 27, 2022 1:22:12 P.M. Client_Liaison writeToFile
INFO: Checksum ajouté!
Jun. 27, 2022 1:22:12 P.M. Client_Liaison writeToFile
INFO: Checksum ajouté!
Jun. 27, 2022 1:22:12 P.M. Client_Liaison writeToFile
INFO: Checksum ajouté!
Jun. 27, 2022 1:22:12 P.M. Client_Liaison writeToFile
INFO: Checksum ajouté!
Jun. 27, 2022 1:22:12 P.M. Client_Liaison writeToFile
INFO: Checksum ajouté!
Jun. 27, 2022 1:22:12 P.M. Client_Liaison writeToFile
INFO: Checksum ajouté!
Jun. 27, 2022 1:22:12 P.M. Client_Liaison writeToFile
INFO: Checksum ajouté!
Jun. 27, 2022 1:22:12 P.M. Client_Liaison writeToFile
INFO: Checksum ajouté!
Jun. 27, 2022 1:22:12 P.M. Client_Liaison writeToFile
INFO: Checksum ajouté!
Jun. 27, 2022 1:22:12 P.M. Client_Liaison writeToFile
INFO: Checksum ajouté!
Jun. 27, 2022 1:22:12 P.M. Client_Liaison writeToFile
INFO: Checksum ajouté!
Jun. 27, 2022 1:22:18 P.M. Client_Liaison writeToFile
INFO: Checksum ajouté!
Jun. 27, 2022 1:22:18 P.M. Client_Liaison writeToFile
INFO: Checksum ajouté!
Jun. 27, 2022 1:22:18 P.M. Client_Liaison writeToFile
INFO: Checksum ajouté!
Jun. 27, 2022 1:22:18 P.M. Client_Liaison writeToFile
INFO: Checksum ajouté!
Jun. 27, 2022 1:22:18 P.M. Client_Liaison writeToFile
INFO: Checksum ajouté!
Jun. 27, 2022 1:22:18 P.M. Client_Liaison writeToFile
INFO: Checksum ajouté!
Jun. 27, 2022 1:22:18 P.M. Client_Liaison writeToFile
INFO: Checksum ajouté!
Jun. 27, 2022 1:22:18 P.M. Client_Liaison writeToFile
INFO: Checksum ajouté!
Jun. 27, 2022 1:22:18 P.M. Client_Liaison writeToFile
INFO: Checksum ajouté!
Jun. 27, 2022 1:22:18 P.M. Client_Liaison writeToFile
INFO: Checksum ajouté!
Jun. 27, 2022 1:22:18 P.M. Client_Liaison writeToFile
INFO: Checksum ajouté!
Jun. 27, 2022 1:22:18 P.M. Client_Liaison writeToFile
INFO: Checksum ajouté!
Jun. 27, 2022 1:22:18 P.M. Client_Liaison writeToFile
INFO: Checksum ajouté!
Jun. 27, 2022 1:22:18 P.M. Client_Liaison writeToFile
INFO: Checksum ajouté!
Jun. 27, 2022 1:22:18 P.M. Client_Liaison writeToFile
INFO: Checksum ajouté!
Jun. 27, 2022 1:23:32 P.M. Client_Liaison writeToFile
INFO: Checksum ajouté!
Jun. 27, 2022 1:23:32 P.M. Client_Liaison writeToFile
INFO: Checksum ajouté!
Jun. 27, 2022 1:23:32 P.M. Client_Liaison writeToFile
INFO: Checksum ajouté!
Jun. 27, 2022 1:23:32 P.M. Client_Liaison writeToFile
INFO: Checksum ajouté!
Jun. 27, 2022 1:23:32 P.M. Client_Liaison writeToFile
INFO: Checksum ajouté!
Jun. 27, 2022 1:23:32 P.M. Client_Liaison writeToFile
INFO: Checksum ajouté!
Jun. 27, 2022 1:23:32 P.M. Client_Liaison writeToFile
INFO: Checksum ajouté!
Jun. 27, 2022 1:23:32 P.M. Client_Liaison writeToFile
INFO: Checksum ajouté!
Jun. 27, 2022 1:23:32 P.M. Client_Liaison writeToFile
INFO: Checksum ajouté!
Jun. 27, 2022 1:23:32 P.M. Client_Liaison writeToFile
INFO: Checksum ajouté!
Jun. 27, 2022 1:23:32 P.M. Client_Liaison writeToFile
INFO: Checksum ajouté!
Jun. 27, 2022 1:23:32 P.M. Client_Liaison writeToFile
INFO: Checksum ajouté!
Jun. 27, 2022 1:23:32 P.M. Client_Liaison writeToFile
INFO: Checksum ajouté!
Jun. 27, 2022 1:23:32 P.M. Client_Liaison writeToFile
INFO: Checksum ajouté!
Jun. 27, 2022 1:23:32 P.M. Client_Liaison writeToFile
INFO: Checksum ajouté!
Jun. 27, 2022 1:24:30 P.M. Client_Liaison writeToFile
INFO: Checksum ajouté!
Jun. 27, 2022 1:24:30 P.M. Client_Liaison writeToFile
INFO: Checksum ajouté!
Jun. 27, 2022 1:24:30 P.M. Client_Liaison writeToFile
INFO: Checksum ajouté!
Jun. 27, 2022 1:24:30 P.M. Client_Liaison writeToFile
INFO: Checksum ajouté!
Jun. 27, 2022 1:24:30 P.M. Client_Liaison writeToFile
INFO: Checksum ajouté!
Jun. 27, 2022 1:24:30 P.M. Client_Liaison writeToFile
INFO: Checksum ajouté!
Jun. 27, 2022 1:24:30 P.M. Client_Liaison writeToFile
INFO: Checksum ajouté!
Jun. 27, 2022 1:24:30 P.M. Client_Liaison writeToFile
INFO: Checksum ajouté!
Jun. 27, 2022 1:24:30 P.M. Client_Liaison writeToFile
INFO: Checksum ajouté!
Jun. 27, 2022 1:24:30 P.M. Client_Liaison writeToFile
INFO: Checksum ajouté!
Jun. 27, 2022 1:24:30 P.M. Client_Liaison writeToFile
INFO: Checksum ajouté!
Jun. 27, 2022 1:24:30 P.M. Client_Liaison writeToFile
INFO: Checksum ajouté!
Jun. 27, 2022 1:24:30 P.M. Client_Liaison writeToFile
INFO: Checksum ajouté!
Jun. 27, 2022 1:24:30 P.M. Client_Liaison writeToFile
INFO: Checksum ajouté!
Jun. 27, 2022 1:24:30 P.M. Client_Liaison writeToFile
INFO: Checksum ajouté!
Jun. 27, 2022 1:26:35 P.M. Client_Liaison writeToFile
INFO: Checksum ajouté!
Jun. 27, 2022 1:26:35 P.M. Client_Liaison writeToFile
INFO: Checksum ajouté!
Jun. 27, 2022 1:26:35 P.M. Client_Liaison writeToFile
INFO: Checksum ajouté!
Jun. 27, 2022 1:26:35 P.M. Client_Liaison writeToFile
INFO: Checksum ajouté!
Jun. 27, 2022 1:26:35 P.M. Client_Liaison writeToFile
INFO: Checksum ajouté!
Jun. 27, 2022 1:26:35 P.M. Client_Liaison writeToFile
INFO: Checksum ajouté!
Jun. 27, 2022 1:26:35 P.M. Client_Liaison writeToFile
INFO: Checksum ajouté!
Jun. 27, 2022 1:26:35 P.M. Client_Liaison writeToFile
INFO: Checksum ajouté!
Jun. 27, 2022 1:26:35 P.M. Client_Liaison writeToFile
INFO: Checksum ajouté!
Jun. 27, 2022 1:26:35 P.M. Client_Liaison writeToFile
INFO: Checksum ajouté!
Jun. 27, 2022 1:26:35 P.M. Client_Liaison writeToFile
INFO: Checksum ajouté!
Jun. 27, 2022 1:26:35 P.M. Client_Liaison writeToFile
INFO: Checksum ajouté!
Jun. 27, 2022 1:26:35 P.M. Client_Liaison writeToFile
INFO: Checksum ajouté!
Jun. 27, 2022 1:26:35 P.M. Client_Liaison writeToFile
INFO: Checksum ajouté!
Jun. 27, 2022 1:26:35 P.M. Client_Liaison writeToFile
INFO: Checksum ajouté!
Jun. 27, 2022 1:27:38 P.M. Client_Liaison writeToFile
INFO: Checksum ajouté!
Jun. 27, 2022 1:27:38 P.M. Client_Liaison writeToFile
INFO: Checksum ajouté!
Jun. 27, 2022 1:27:38 P.M. Client_Liaison writeToFile
INFO: Checksum ajouté!
Jun. 27, 2022 1:27:38 P.M. Client_Liaison writeToFile
INFO: Checksum ajouté!
Jun. 27, 2022 1:27:38 P.M. Client_Liaison writeToFile
INFO: Checksum ajouté!
Jun. 27, 2022 1:27:38 P.M. Client_Liaison writeToFile
INFO: Checksum ajouté!
Jun. 27, 2022 1:27:38 P.M. Client_Liaison writeToFile
INFO: Checksum ajouté!
Jun. 27, 2022 1:27:38 P.M. Client_Liaison writeToFile
INFO: Checksum ajouté!
Jun. 27, 2022 1:27:38 P.M. Client_Liaison writeToFile
INFO: Checksum ajouté!
Jun. 27, 2022 1:27:38 P.M. Client_Liaison writeToFile
INFO: Checksum ajouté!
Jun. 27, 2022 1:27:38 P.M. Client_Liaison writeToFile
INFO: Checksum ajouté!
Jun. 27, 2022 1:27:38 P.M. Client_Liaison writeToFile
INFO: Checksum ajouté!
Jun. 27, 2022 1:27:38 P.M. Client_Liaison writeToFile
INFO: Checksum ajouté!
Jun. 27, 2022 1:27:38 P.M. Client_Liaison writeToFile
INFO: Checksum ajouté!
Jun. 27, 2022 1:27:38 P.M. Client_Liaison writeToFile
INFO: Checksum ajouté!
Jun. 27, 2022 1:28:32 P.M. Client_Liaison writeToFile
INFO: Checksum ajouté!
Jun. 27, 2022 1:28:32 P.M. Client_Liaison writeToFile
INFO: Checksum ajouté!
Jun. 27, 2022 1:28:32 P.M. Client_Liaison writeToFile
INFO: Checksum ajouté!
Jun. 27, 2022 1:28:32 P.M. Client_Liaison writeToFile
INFO: Checksum ajouté!
Jun. 27, 2022 1:28:32 P.M. Client_Liaison writeToFile
INFO: Checksum ajouté!
Jun. 27, 2022 1:28:32 P.M. Client_Liaison writeToFile
INFO: Checksum ajouté!
Jun. 27, 2022 1:28:32 P.M. Client_Liaison writeToFile
INFO: Checksum ajouté!
Jun. 27, 2022 1:28:32 P.M. Client_Liaison writeToFile
INFO: Checksum ajouté!
Jun. 27, 2022 1:28:32 P.M. Client_Liaison writeToFile
INFO: Checksum ajouté!
Jun. 27, 2022 1:28:32 P.M. Client_Liaison writeToFile
INFO: Checksum ajouté!
Jun. 27, 2022 1:28:32 P.M. Client_Liaison writeToFile
INFO: Checksum ajouté!
Jun. 27, 2022 1:28:32 P.M. Client_Liaison writeToFile
INFO: Checksum ajouté!
Jun. 27, 2022 1:28:32 P.M. Client_Liaison writeToFile
INFO: Checksum ajouté!
Jun. 27, 2022 1:28:32 P.M. Client_Liaison writeToFile
INFO: Checksum ajouté!
Jun. 27, 2022 1:28:32 P.M. Client_Liaison writeToFile
INFO: Checksum ajouté!
Jun. 27, 2022 1:29:03 P.M. Client_Liaison writeToFile
INFO: Checksum ajouté!
Jun. 27, 2022 1:29:03 P.M. Client_Liaison writeToFile
INFO: Checksum ajouté!
Jun. 27, 2022 1:29:03 P.M. Client_Liaison writeToFile
INFO: Checksum ajouté!
Jun. 27, 2022 1:29:03 P.M. Client_Liaison writeToFile
INFO: Checksum ajouté!
Jun. 27, 2022 1:29:03 P.M. Client_Liaison writeToFile
INFO: Checksum ajouté!
Jun. 27, 2022 1:29:03 P.M. Client_Liaison writeToFile
INFO: Checksum ajouté!
Jun. 27, 2022 1:29:03 P.M. Client_Liaison writeToFile
INFO: Checksum ajouté!
Jun. 27, 2022 1:29:03 P.M. Client_Liaison writeToFile
INFO: Checksum ajouté!
Jun. 27, 2022 1:29:03 P.M. Client_Liaison writeToFile
INFO: Checksum ajouté!
Jun. 27, 2022 1:29:03 P.M. Client_Liaison writeToFile
INFO: Checksum ajouté!
Jun. 27, 2022 1:29:03 P.M. Client_Liaison writeToFile
INFO: Checksum ajouté!
Jun. 27, 2022 1:29:03 P.M. Client_Liaison writeToFile
INFO: Checksum ajouté!
Jun. 27, 2022 1:29:03 P.M. Client_Liaison writeToFile
INFO: Checksum ajouté!
Jun. 27, 2022 1:29:03 P.M. Client_Liaison writeToFile
INFO: Checksum ajouté!
Jun. 27, 2022 1:29:03 P.M. Client_Liaison writeToFile
INFO: Checksum ajouté!
Jun. 27, 2022 1:29:54 P.M. Client_Liaison writeToFile
INFO: Checksum ajouté!
Jun. 27, 2022 1:29:54 P.M. Client_Liaison writeToFile
INFO: Checksum ajouté!
Jun. 27, 2022 1:29:54 P.M. Client_Liaison writeToFile
INFO: Checksum ajouté!
Jun. 27, 2022 1:29:54 P.M. Client_Liaison writeToFile
INFO: Checksum ajouté!
Jun. 27, 2022 1:29:54 P.M. Client_Liaison writeToFile
INFO: Checksum ajouté!
Jun. 27, 2022 1:29:54 P.M. Client_Liaison writeToFile
INFO: Checksum ajouté!
Jun. 27, 2022 1:29:54 P.M. Client_Liaison writeToFile
INFO: Checksum ajouté!
Jun. 27, 2022 1:29:54 P.M. Client_Liaison writeToFile
INFO: Checksum ajouté!
Jun. 27, 2022 1:29:54 P.M. Client_Liaison writeToFile
INFO: Checksum ajouté!
Jun. 27, 2022 1:29:54 P.M. Client_Liaison writeToFile
INFO: Checksum ajouté!
Jun. 27, 2022 1:29:54 P.M. Client_Liaison writeToFile
INFO: Checksum ajouté!
Jun. 27, 2022 1:29:54 P.M. Client_Liaison writeToFile
INFO: Checksum ajouté!
Jun. 27, 2022 1:29:54 P.M. Client_Liaison writeToFile
INFO: Checksum ajouté!
Jun. 27, 2022 1:29:54 P.M. Client_Liaison writeToFile
INFO: Checksum ajouté!
Jun. 27, 2022 1:29:54 P.M. Client_Liaison writeToFile
INFO: Checksum ajouté!
Jun. 27, 2022 1:30:27 P.M. Client_Liaison writeToFile
INFO: Checksum ajouté!
Jun. 27, 2022 1:30:27 P.M. Client_Liaison writeToFile
INFO: Checksum ajouté!
Jun. 27, 2022 1:30:27 P.M. Client_Liaison writeToFile
INFO: Checksum ajouté!
Jun. 27, 2022 1:30:27 P.M. Client_Liaison writeToFile
INFO: Checksum ajouté!
Jun. 27, 2022 1:30:27 P.M. Client_Liaison writeToFile
INFO: Checksum ajouté!
Jun. 27, 2022 1:30:27 P.M. Client_Liaison writeToFile
INFO: Checksum ajouté!
Jun. 27, 2022 1:30:27 P.M. Client_Liaison writeToFile
INFO: Checksum ajouté!
Jun. 27, 2022 1:30:27 P.M. Client_Liaison writeToFile
INFO: Checksum ajouté!
Jun. 27, 2022 1:30:27 P.M. Client_Liaison writeToFile
INFO: Checksum ajouté!
Jun. 27, 2022 1:30:27 P.M. Client_Liaison writeToFile
INFO: Checksum ajouté!
Jun. 27, 2022 1:30:27 P.M. Client_Liaison writeToFile
INFO: Checksum ajouté!
Jun. 27, 2022 1:30:27 P.M. Client_Liaison writeToFile
INFO: Checksum ajouté!
Jun. 27, 2022 1:30:27 P.M. Client_Liaison writeToFile
INFO: Checksum ajouté!
Jun. 27, 2022 1:30:27 P.M. Client_Liaison writeToFile
INFO: Checksum ajouté!
Jun. 27, 2022 1:30:27 P.M. Client_Liaison writeToFile
INFO: Checksum ajouté!
Jun. 27, 2022 1:30:35 P.M. Client_Liaison writeToFile
INFO: Checksum ajouté!
Jun. 27, 2022 1:30:35 P.M. Client_Liaison writeToFile
INFO: Checksum ajouté!
Jun. 27, 2022 1:30:35 P.M. Client_Liaison writeToFile
INFO: Checksum ajouté!
Jun. 27, 2022 1:30:35 P.M. Client_Liaison writeToFile
INFO: Checksum ajouté!
Jun. 27, 2022 1:30:35 P.M. Client_Liaison writeToFile
INFO: Checksum ajouté!
Jun. 27, 2022 1:30:35 P.M. Client_Liaison writeToFile
INFO: Checksum ajouté!
Jun. 27, 2022 1:30:35 P.M. Client_Liaison writeToFile
INFO: Checksum ajouté!
Jun. 27, 2022 1:30:35 P.M. Client_Liaison writeToFile
INFO: Checksum ajouté!
Jun. 27, 2022 1:30:35 P.M. Client_Liaison writeToFile
INFO: Checksum ajouté!
Jun. 27, 2022 1:30:35 P.M. Client_Liaison writeToFile
INFO: Checksum ajouté!
Jun. 27, 2022 1:30:35 P.M. Client_Liaison writeToFile
INFO: Checksum ajouté!
Jun. 27, 2022 1:30:35 P.M. Client_Liaison writeToFile
INFO: Checksum ajouté!
Jun. 27, 2022 1:30:35 P.M. Client_Liaison writeToFile
INFO: Checksum ajouté!
Jun. 27, 2022 1:30:35 P.M. Client_Liaison writeToFile
INFO: Checksum ajouté!
Jun. 27, 2022 1:30:35 P.M. Client_Liaison writeToFile
INFO: Checksum ajouté!
Jun. 27, 2022 1:31:11 P.M. Client_Liaison writeToFile
INFO: Checksum ajouté!
Jun. 27, 2022 1:31:11 P.M. Client_Liaison writeToFile
INFO: Checksum ajouté!
Jun. 27, 2022 1:31:11 P.M. Client_Liaison writeToFile
INFO: Checksum ajouté!
Jun. 27, 2022 1:31:11 P.M. Client_Liaison writeToFile
INFO: Checksum ajouté!
Jun. 27, 2022 1:31:11 P.M. Client_Liaison writeToFile
INFO: Checksum ajouté!
Jun. 27, 2022 1:31:11 P.M. Client_Liaison writeToFile
INFO: Checksum ajouté!
Jun. 27, 2022 1:31:11 P.M. Client_Liaison writeToFile
INFO: Checksum ajouté!
Jun. 27, 2022 1:31:11 P.M. Client_Liaison writeToFile
INFO: Checksum ajouté!
Jun. 27, 2022 1:31:11 P.M. Client_Liaison writeToFile
INFO: Checksum ajouté!
Jun. 27, 2022 1:31:11 P.M. Client_Liaison writeToFile
INFO: Checksum ajouté!
Jun. 27, 2022 1:31:11 P.M. Client_Liaison writeToFile
INFO: Checksum ajouté!
Jun. 27, 2022 1:31:11 P.M. Client_Liaison writeToFile
INFO: Checksum ajouté!
Jun. 27, 2022 1:31:11 P.M. Client_Liaison writeToFile
INFO: Checksum ajouté!
Jun. 27, 2022 1:31:11 P.M. Client_Liaison writeToFile
INFO: Checksum ajouté!
Jun. 27, 2022 1:31:11 P.M. Client_Liaison writeToFile
INFO: Checksum ajouté!
Jun. 27, 2022 1:31:23 P.M. Client_Liaison writeToFile
INFO: Checksum ajouté!
Jun. 27, 2022 1:31:23 P.M. Client_Liaison writeToFile
INFO: Checksum ajouté!
Jun. 27, 2022 1:31:23 P.M. Client_Liaison writeToFile
INFO: Checksum ajouté!
Jun. 27, 2022 1:31:23 P.M. Client_Liaison writeToFile
INFO: Checksum ajouté!
Jun. 27, 2022 1:31:23 P.M. Client_Liaison writeToFile
INFO: Checksum ajouté!
Jun. 27, 2022 1:31:23 P.M. Client_Liaison writeToFile
INFO: Checksum ajouté!
Jun. 27, 2022 1:31:23 P.M. Client_Liaison writeToFile
INFO: Checksum ajouté!
Jun. 27, 2022 1:31:23 P.M. Client_Liaison writeToFile
INFO: Checksum ajouté!
Jun. 27, 2022 1:31:23 P.M. Client_Liaison writeToFile
INFO: Checksum ajouté!
Jun. 27, 2022 1:31:23 P.M. Client_Liaison writeToFile
INFO: Checksum ajouté!
Jun. 27, 2022 1:31:23 P.M. Client_Liaison writeToFile
INFO: Checksum ajouté!
Jun. 27, 2022 1:31:23 P.M. Client_Liaison writeToFile
INFO: Checksum ajouté!
Jun. 27, 2022 1:31:23 P.M. Client_Liaison writeToFile
INFO: Checksum ajouté!
Jun. 27, 2022 1:31:23 P.M. Client_Liaison writeToFile
INFO: Checksum ajouté!
Jun. 27, 2022 1:31:23 P.M. Client_Liaison writeToFile
INFO: Checksum ajouté!
Jun. 27, 2022 1:34:06 P.M. Client_Liaison writeToFile
INFO: Checksum ajouté!
Jun. 27, 2022 1:34:06 P.M. Client_Liaison writeToFile
INFO: Checksum ajouté!
Jun. 27, 2022 1:34:06 P.M. Client_Liaison writeToFile
INFO: Checksum ajouté!
Jun. 27, 2022 1:34:06 P.M. Client_Liaison writeToFile
INFO: Checksum ajouté!
Jun. 27, 2022 1:34:06 P.M. Client_Liaison writeToFile
INFO: Checksum ajouté!
Jun. 27, 2022 1:34:06 P.M. Client_Liaison writeToFile
INFO: Checksum ajouté!
Jun. 27, 2022 1:34:06 P.M. Client_Liaison writeToFile
INFO: Checksum ajouté!
Jun. 27, 2022 1:34:06 P.M. Client_Liaison writeToFile
INFO: Checksum ajouté!
Jun. 27, 2022 1:34:06 P.M. Client_Liaison writeToFile
INFO: Checksum ajouté!
Jun. 27, 2022 1:34:06 P.M. Client_Liaison writeToFile
INFO: Checksum ajouté!
Jun. 27, 2022 1:34:06 P.M. Client_Liaison writeToFile
INFO: Checksum ajouté!
Jun. 27, 2022 1:34:06 P.M. Client_Liaison writeToFile
INFO: Checksum ajouté!
Jun. 27, 2022 1:34:06 P.M. Client_Liaison writeToFile
INFO: Checksum ajouté!
Jun. 27, 2022 1:34:06 P.M. Client_Liaison writeToFile
INFO: Checksum ajouté!
Jun. 27, 2022 1:34:06 P.M. Client_Liaison writeToFile
INFO: Checksum ajouté!
Jun. 27, 2022 1:34:50 P.M. Client_Liaison writeToFile
INFO: Checksum ajouté!
Jun. 27, 2022 1:34:50 P.M. Client_Liaison writeToFile
INFO: Checksum ajouté!
Jun. 27, 2022 1:34:50 P.M. Client_Liaison writeToFile
INFO: Checksum ajouté!
Jun. 27, 2022 1:34:50 P.M. Client_Liaison writeToFile
INFO: Checksum ajouté!
Jun. 27, 2022 1:34:50 P.M. Client_Liaison writeToFile
INFO: Checksum ajouté!
Jun. 27, 2022 1:34:50 P.M. Client_Liaison writeToFile
INFO: Checksum ajouté!
Jun. 27, 2022 1:34:50 P.M. Client_Liaison writeToFile
INFO: Checksum ajouté!
Jun. 27, 2022 1:34:50 P.M. Client_Liaison writeToFile
INFO: Checksum ajouté!
Jun. 27, 2022 1:34:50 P.M. Client_Liaison writeToFile
INFO: Checksum ajouté!
Jun. 27, 2022 1:34:50 P.M. Client_Liaison writeToFile
INFO: Checksum ajouté!
Jun. 27, 2022 1:34:50 P.M. Client_Liaison writeToFile
INFO: Checksum ajouté!
Jun. 27, 2022 1:34:50 P.M. Client_Liaison writeToFile
INFO: Checksum ajouté!
Jun. 27, 2022 1:34:50 P.M. Client_Liaison writeToFile
INFO: Checksum ajouté!
Jun. 27, 2022 1:34:50 P.M. Client_Liaison writeToFile
INFO: Checksum ajouté!
Jun. 27, 2022 1:34:50 P.M. Client_Liaison writeToFile
INFO: Checksum ajouté!
Jun. 27, 2022 1:35:07 P.M. Client_Liaison writeToFile
INFO: Checksum ajouté!
Jun. 27, 2022 1:35:07 P.M. Client_Liaison writeToFile
INFO: Checksum ajouté!
Jun. 27, 2022 1:35:07 P.M. Client_Liaison writeToFile
INFO: Checksum ajouté!
Jun. 27, 2022 1:35:07 P.M. Client_Liaison writeToFile
INFO: Checksum ajouté!
Jun. 27, 2022 1:35:07 P.M. Client_Liaison writeToFile
INFO: Checksum ajouté!
Jun. 27, 2022 1:35:07 P.M. Client_Liaison writeToFile
INFO: Checksum ajouté!
Jun. 27, 2022 1:35:07 P.M. Client_Liaison writeToFile
INFO: Checksum ajouté!
Jun. 27, 2022 1:35:07 P.M. Client_Liaison writeToFile
INFO: Checksum ajouté!
Jun. 27, 2022 1:35:07 P.M. Client_Liaison writeToFile
INFO: Checksum ajouté!
Jun. 27, 2022 1:35:07 P.M. Client_Liaison writeToFile
INFO: Checksum ajouté!
Jun. 27, 2022 1:35:07 P.M. Client_Liaison writeToFile
INFO: Checksum ajouté!
Jun. 27, 2022 1:35:07 P.M. Client_Liaison writeToFile
INFO: Checksum ajouté!
Jun. 27, 2022 1:35:07 P.M. Client_Liaison writeToFile
INFO: Checksum ajouté!
Jun. 27, 2022 1:35:07 P.M. Client_Liaison writeToFile
INFO: Checksum ajouté!
Jun. 27, 2022 1:35:07 P.M. Client_Liaison writeToFile
INFO: Checksum ajouté!
Jun. 27, 2022 1:36:41 P.M. Client_Liaison writeToFile
INFO: Checksum ajouté!
Jun. 27, 2022 1:36:41 P.M. Client_Liaison writeToFile
INFO: Checksum ajouté!
Jun. 27, 2022 1:36:41 P.M. Client_Liaison writeToFile
INFO: Checksum ajouté!
Jun. 27, 2022 1:36:41 P.M. Client_Liaison writeToFile
INFO: Checksum ajouté!
Jun. 27, 2022 1:36:41 P.M. Client_Liaison writeToFile
INFO: Checksum ajouté!
Jun. 27, 2022 1:36:41 P.M. Client_Liaison writeToFile
INFO: Checksum ajouté!
Jun. 27, 2022 1:36:41 P.M. Client_Liaison writeToFile
INFO: Checksum ajouté!
Jun. 27, 2022 1:36:41 P.M. Client_Liaison writeToFile
INFO: Checksum ajouté!
Jun. 27, 2022 1:36:41 P.M. Client_Liaison writeToFile
INFO: Checksum ajouté!
Jun. 27, 2022 1:36:41 P.M. Client_Liaison writeToFile
INFO: Checksum ajouté!
Jun. 27, 2022 1:36:41 P.M. Client_Liaison writeToFile
INFO: Checksum ajouté!
Jun. 27, 2022 1:36:41 P.M. Client_Liaison writeToFile
INFO: Checksum ajouté!
Jun. 27, 2022 1:36:41 P.M. Client_Liaison writeToFile
INFO: Checksum ajouté!
Jun. 27, 2022 1:36:41 P.M. Client_Liaison writeToFile
INFO: Checksum ajouté!
Jun. 27, 2022 1:36:41 P.M. Client_Liaison writeToFile
INFO: Checksum ajouté!
Jun. 27, 2022 1:37:26 P.M. Client_Liaison writeToFile
INFO: Checksum ajouté!
Jun. 27, 2022 1:37:26 P.M. Client_Liaison writeToFile
INFO: Checksum ajouté!
Jun. 27, 2022 1:37:26 P.M. Client_Liaison writeToFile
INFO: Checksum ajouté!
Jun. 27, 2022 1:37:26 P.M. Client_Liaison writeToFile
INFO: Checksum ajouté!
Jun. 27, 2022 1:37:26 P.M. Client_Liaison writeToFile
INFO: Checksum ajouté!
Jun. 27, 2022 1:37:26 P.M. Client_Liaison writeToFile
INFO: Checksum ajouté!
Jun. 27, 2022 1:37:26 P.M. Client_Liaison writeToFile
INFO: Checksum ajouté!
Jun. 27, 2022 1:37:26 P.M. Client_Liaison writeToFile
INFO: Checksum ajouté!
Jun. 27, 2022 1:37:26 P.M. Client_Liaison writeToFile
INFO: Checksum ajouté!
Jun. 27, 2022 1:37:26 P.M. Client_Liaison writeToFile
INFO: Checksum ajouté!
Jun. 27, 2022 1:37:26 P.M. Client_Liaison writeToFile
INFO: Checksum ajouté!
Jun. 27, 2022 1:37:26 P.M. Client_Liaison writeToFile
INFO: Checksum ajouté!
Jun. 27, 2022 1:37:26 P.M. Client_Liaison writeToFile
INFO: Checksum ajouté!
Jun. 27, 2022 1:37:26 P.M. Client_Liaison writeToFile
INFO: Checksum ajouté!
Jun. 27, 2022 1:37:26 P.M. Client_Liaison writeToFile
INFO: Checksum ajouté!
Jun. 27, 2022 1:37:59 P.M. Client_Liaison writeToFile
INFO: Checksum ajouté!
Jun. 27, 2022 1:37:59 P.M. Client_Liaison writeToFile
INFO: Checksum ajouté!
Jun. 27, 2022 1:37:59 P.M. Client_Liaison writeToFile
INFO: Checksum ajouté!
Jun. 27, 2022 1:37:59 P.M. Client_Liaison writeToFile
INFO: Checksum ajouté!
Jun. 27, 2022 1:37:59 P.M. Client_Liaison writeToFile
INFO: Checksum ajouté!
Jun. 27, 2022 1:37:59 P.M. Client_Liaison writeToFile
INFO: Checksum ajouté!
Jun. 27, 2022 1:37:59 P.M. Client_Liaison writeToFile
INFO: Checksum ajouté!
Jun. 27, 2022 1:37:59 P.M. Client_Liaison writeToFile
INFO: Checksum ajouté!
Jun. 27, 2022 1:37:59 P.M. Client_Liaison writeToFile
INFO: Checksum ajouté!
Jun. 27, 2022 1:37:59 P.M. Client_Liaison writeToFile
INFO: Checksum ajouté!
Jun. 27, 2022 1:37:59 P.M. Client_Liaison writeToFile
INFO: Checksum ajouté!
Jun. 27, 2022 1:37:59 P.M. Client_Liaison writeToFile
INFO: Checksum ajouté!
Jun. 27, 2022 1:37:59 P.M. Client_Liaison writeToFile
INFO: Checksum ajouté!
Jun. 27, 2022 1:37:59 P.M. Client_Liaison writeToFile
INFO: Checksum ajouté!
Jun. 27, 2022 1:37:59 P.M. Client_Liaison writeToFile
INFO: Checksum ajouté!
Jun. 27, 2022 1:38:22 P.M. Client_Liaison writeToFile
INFO: Checksum ajouté!
Jun. 27, 2022 1:38:22 P.M. Client_Liaison writeToFile
INFO: Checksum ajouté!
Jun. 27, 2022 1:38:22 P.M. Client_Liaison writeToFile
INFO: Checksum ajouté!
Jun. 27, 2022 1:38:22 P.M. Client_Liaison writeToFile
INFO: Checksum ajouté!
Jun. 27, 2022 1:38:22 P.M. Client_Liaison writeToFile
INFO: Checksum ajouté!
Jun. 27, 2022 1:38:22 P.M. Client_Liaison writeToFile
INFO: Checksum ajouté!
Jun. 27, 2022 1:38:22 P.M. Client_Liaison writeToFile
INFO: Checksum ajouté!
Jun. 27, 2022 1:38:22 P.M. Client_Liaison writeToFile
INFO: Checksum ajouté!
Jun. 27, 2022 1:38:22 P.M. Client_Liaison writeToFile
INFO: Checksum ajouté!
Jun. 27, 2022 1:38:22 P.M. Client_Liaison writeToFile
INFO: Checksum ajouté!
Jun. 27, 2022 1:38:22 P.M. Client_Liaison writeToFile
INFO: Checksum ajouté!
Jun. 27, 2022 1:38:22 P.M. Client_Liaison writeToFile
INFO: Checksum ajouté!
Jun. 27, 2022 1:38:22 P.M. Client_Liaison writeToFile
INFO: Checksum ajouté!
Jun. 27, 2022 1:38:22 P.M. Client_Liaison writeToFile
INFO: Checksum ajouté!
Jun. 27, 2022 1:38:22 P.M. Client_Liaison writeToFile
INFO: Checksum ajouté!
Jun. 27, 2022 1:39:20 P.M. Client_Liaison writeToFile
INFO: Checksum ajouté!
Jun. 27, 2022 1:39:20 P.M. Client_Liaison writeToFile
INFO: Checksum ajouté!
Jun. 27, 2022 1:39:20 P.M. Client_Liaison writeToFile
INFO: Checksum ajouté!
Jun. 27, 2022 1:39:20 P.M. Client_Liaison writeToFile
INFO: Checksum ajouté!
Jun. 27, 2022 1:39:20 P.M. Client_Liaison writeToFile
INFO: Checksum ajouté!
Jun. 27, 2022 1:39:20 P.M. Client_Liaison writeToFile
INFO: Checksum ajouté!
Jun. 27, 2022 1:39:20 P.M. Client_Liaison writeToFile
INFO: Checksum ajouté!
Jun. 27, 2022 1:39:20 P.M. Client_Liaison writeToFile
INFO: Checksum ajouté!
Jun. 27, 2022 1:39:20 P.M. Client_Liaison writeToFile
INFO: Checksum ajouté!
Jun. 27, 2022 1:39:20 P.M. Client_Liaison writeToFile
INFO: Checksum ajouté!
Jun. 27, 2022 1:39:20 P.M. Client_Liaison writeToFile
INFO: Checksum ajouté!
Jun. 27, 2022 1:39:20 P.M. Client_Liaison writeToFile
INFO: Checksum ajouté!
Jun. 27, 2022 1:39:20 P.M. Client_Liaison writeToFile
INFO: Checksum ajouté!
Jun. 27, 2022 1:39:20 P.M. Client_Liaison writeToFile
INFO: Checksum ajouté!
Jun. 27, 2022 1:39:20 P.M. Client_Liaison writeToFile
INFO: Checksum ajouté!
Jun. 27, 2022 1:40:04 P.M. Client_Liaison writeToFile
INFO: Checksum ajouté!
Jun. 27, 2022 1:40:04 P.M. Client_Liaison writeToFile
INFO: Checksum ajouté!
Jun. 27, 2022 1:40:04 P.M. Client_Liaison writeToFile
INFO: Checksum ajouté!
Jun. 27, 2022 1:40:04 P.M. Client_Liaison writeToFile
INFO: Checksum ajouté!
Jun. 27, 2022 1:40:04 P.M. Client_Liaison writeToFile
INFO: Checksum ajouté!
Jun. 27, 2022 1:40:04 P.M. Client_Liaison writeToFile
INFO: Checksum ajouté!
Jun. 27, 2022 1:40:04 P.M. Client_Liaison writeToFile
INFO: Checksum ajouté!
Jun. 27, 2022 1:40:04 P.M. Client_Liaison writeToFile
INFO: Checksum ajouté!
Jun. 27, 2022 1:40:04 P.M. Client_Liaison writeToFile
INFO: Checksum ajouté!
Jun. 27, 2022 1:40:04 P.M. Client_Liaison writeToFile
INFO: Checksum ajouté!
Jun. 27, 2022 1:40:04 P.M. Client_Liaison writeToFile
INFO: Checksum ajouté!
Jun. 27, 2022 1:40:04 P.M. Client_Liaison writeToFile
INFO: Checksum ajouté!
Jun. 27, 2022 1:40:04 P.M. Client_Liaison writeToFile
INFO: Checksum ajouté!
Jun. 27, 2022 1:40:04 P.M. Client_Liaison writeToFile
INFO: Checksum ajouté!
Jun. 27, 2022 1:40:04 P.M. Client_Liaison writeToFile
INFO: Checksum ajouté!
Jun. 27, 2022 1:42:22 P.M. Client_Liaison writeToFile
INFO: Checksum ajouté!
Jun. 27, 2022 1:42:22 P.M. Client_Liaison writeToFile
INFO: Checksum ajouté!
Jun. 27, 2022 1:42:22 P.M. Client_Liaison writeToFile
INFO: Checksum ajouté!
Jun. 27, 2022 1:42:22 P.M. Client_Liaison writeToFile
INFO: Checksum ajouté!
Jun. 27, 2022 1:42:22 P.M. Client_Liaison writeToFile
INFO: Checksum ajouté!
Jun. 27, 2022 1:42:22 P.M. Client_Liaison writeToFile
INFO: Checksum ajouté!
Jun. 27, 2022 1:42:22 P.M. Client_Liaison writeToFile
INFO: Checksum ajouté!
Jun. 27, 2022 1:42:22 P.M. Client_Liaison writeToFile
INFO: Checksum ajouté!
Jun. 27, 2022 1:42:22 P.M. Client_Liaison writeToFile
INFO: Checksum ajouté!
Jun. 27, 2022 1:42:22 P.M. Client_Liaison writeToFile
INFO: Checksum ajouté!
Jun. 27, 2022 1:42:22 P.M. Client_Liaison writeToFile
INFO: Checksum ajouté!
Jun. 27, 2022 1:42:22 P.M. Client_Liaison writeToFile
INFO: Checksum ajouté!
Jun. 27, 2022 1:42:22 P.M. Client_Liaison writeToFile
INFO: Checksum ajouté!
Jun. 27, 2022 1:42:22 P.M. Client_Liaison writeToFile
INFO: Checksum ajouté!
Jun. 27, 2022 1:42:22 P.M. Client_Liaison writeToFile
INFO: Checksum ajouté!
Jun. 27, 2022 1:43:52 P.M. Client_Liaison writeToFile
INFO: Checksum ajouté!
Jun. 27, 2022 1:43:52 P.M. Client_Liaison writeToFile
INFO: Checksum ajouté!
Jun. 27, 2022 1:43:52 P.M. Client_Liaison writeToFile
INFO: Checksum ajouté!
Jun. 27, 2022 1:43:52 P.M. Client_Liaison writeToFile
INFO: Checksum ajouté!
Jun. 27, 2022 1:43:52 P.M. Client_Liaison writeToFile
INFO: Checksum ajouté!
Jun. 27, 2022 1:43:52 P.M. Client_Liaison writeToFile
INFO: Checksum ajouté!
Jun. 27, 2022 1:43:52 P.M. Client_Liaison writeToFile
INFO: Checksum ajouté!
Jun. 27, 2022 1:43:52 P.M. Client_Liaison writeToFile
INFO: Checksum ajouté!
Jun. 27, 2022 1:43:52 P.M. Client_Liaison writeToFile
INFO: Checksum ajouté!
Jun. 27, 2022 1:43:52 P.M. Client_Liaison writeToFile
INFO: Checksum ajouté!
Jun. 27, 2022 1:43:52 P.M. Client_Liaison writeToFile
INFO: Checksum ajouté!
Jun. 27, 2022 1:43:52 P.M. Client_Liaison writeToFile
INFO: Checksum ajouté!
Jun. 27, 2022 1:43:52 P.M. Client_Liaison writeToFile
INFO: Checksum ajouté!
Jun. 27, 2022 1:43:52 P.M. Client_Liaison writeToFile
INFO: Checksum ajouté!
Jun. 27, 2022 1:43:52 P.M. Client_Liaison writeToFile
INFO: Checksum ajouté!
Jun. 27, 2022 1:44:18 P.M. Client_Liaison writeToFile
INFO: Checksum ajouté!
Jun. 27, 2022 1:44:18 P.M. Client_Liaison writeToFile
INFO: Checksum ajouté!
Jun. 27, 2022 1:44:18 P.M. Client_Liaison writeToFile
INFO: Checksum ajouté!
Jun. 27, 2022 1:44:18 P.M. Client_Liaison writeToFile
INFO: Checksum ajouté!
Jun. 27, 2022 1:44:18 P.M. Client_Liaison writeToFile
INFO: Checksum ajouté!
Jun. 27, 2022 1:44:18 P.M. Client_Liaison writeToFile
INFO: Checksum ajouté!
Jun. 27, 2022 1:44:18 P.M. Client_Liaison writeToFile
INFO: Checksum ajouté!
Jun. 27, 2022 1:44:18 P.M. Client_Liaison writeToFile
INFO: Checksum ajouté!
Jun. 27, 2022 1:44:18 P.M. Client_Liaison writeToFile
INFO: Checksum ajouté!
Jun. 27, 2022 1:44:18 P.M. Client_Liaison writeToFile
INFO: Checksum ajouté!
Jun. 27, 2022 1:44:18 P.M. Client_Liaison writeToFile
INFO: Checksum ajouté!
Jun. 27, 2022 1:44:18 P.M. Client_Liaison writeToFile
INFO: Checksum ajouté!
Jun. 27, 2022 1:44:18 P.M. Client_Liaison writeToFile
INFO: Checksum ajouté!
Jun. 27, 2022 1:44:18 P.M. Client_Liaison writeToFile
INFO: Checksum ajouté!
Jun. 27, 2022 1:44:18 P.M. Client_Liaison writeToFile
INFO: Checksum ajouté!
Jun. 27, 2022 1:44:24 P.M. Client_Liaison writeToFile
INFO: Checksum ajouté!
Jun. 27, 2022 1:44:24 P.M. Client_Liaison writeToFile
INFO: Checksum ajouté!
Jun. 27, 2022 1:44:24 P.M. Client_Liaison writeToFile
INFO: Checksum ajouté!
Jun. 27, 2022 1:44:24 P.M. Client_Liaison writeToFile
INFO: Checksum ajouté!
Jun. 27, 2022 1:44:24 P.M. Client_Liaison writeToFile
INFO: Checksum ajouté!
Jun. 27, 2022 1:44:24 P.M. Client_Liaison writeToFile
INFO: Checksum ajouté!
Jun. 27, 2022 1:44:24 P.M. Client_Liaison writeToFile
INFO: Checksum ajouté!
Jun. 27, 2022 1:44:24 P.M. Client_Liaison writeToFile
INFO: Checksum ajouté!
Jun. 27, 2022 1:44:24 P.M. Client_Liaison writeToFile
INFO: Checksum ajouté!
Jun. 27, 2022 1:44:24 P.M. Client_Liaison writeToFile
INFO: Checksum ajouté!
Jun. 27, 2022 1:44:24 P.M. Client_Liaison writeToFile
INFO: Checksum ajouté!
Jun. 27, 2022 1:44:24 P.M. Client_Liaison writeToFile
INFO: Checksum ajouté!
Jun. 27, 2022 1:44:24 P.M. Client_Liaison writeToFile
INFO: Checksum ajouté!
Jun. 27, 2022 1:44:24 P.M. Client_Liaison writeToFile
INFO: Checksum ajouté!
Jun. 27, 2022 1:44:24 P.M. Client_Liaison writeToFile
INFO: Checksum ajouté!
Jun. 27, 2022 1:44:52 P.M. Client_Liaison writeToFile
INFO: Checksum ajouté!
Jun. 27, 2022 1:44:52 P.M. Client_Liaison writeToFile
INFO: Checksum ajouté!
Jun. 27, 2022 1:44:52 P.M. Client_Liaison writeToFile
INFO: Checksum ajouté!
Jun. 27, 2022 1:44:52 P.M. Client_Liaison writeToFile
INFO: Checksum ajouté!
Jun. 27, 2022 1:44:52 P.M. Client_Liaison writeToFile
INFO: Checksum ajouté!
Jun. 27, 2022 1:44:52 P.M. Client_Liaison writeToFile
INFO: Checksum ajouté!
Jun. 27, 2022 1:44:52 P.M. Client_Liaison writeToFile
INFO: Checksum ajouté!
Jun. 27, 2022 1:44:52 P.M. Client_Liaison writeToFile
INFO: Checksum ajouté!
Jun. 27, 2022 1:44:52 P.M. Client_Liaison writeToFile
INFO: Checksum ajouté!
Jun. 27, 2022 1:44:52 P.M. Client_Liaison writeToFile
INFO: Checksum ajouté!
Jun. 27, 2022 1:44:52 P.M. Client_Liaison writeToFile
INFO: Checksum ajouté!
Jun. 27, 2022 1:44:52 P.M. Client_Liaison writeToFile
INFO: Checksum ajouté!
Jun. 27, 2022 1:44:52 P.M. Client_Liaison writeToFile
INFO: Checksum ajouté!
Jun. 27, 2022 1:44:52 P.M. Client_Liaison writeToFile
INFO: Checksum ajouté!
Jun. 27, 2022 1:44:52 P.M. Client_Liaison writeToFile
INFO: Checksum ajouté!
Jun. 27, 2022 1:45:37 P.M. Client_Liaison writeToFile
INFO: Checksum ajouté!
Jun. 27, 2022 1:45:37 P.M. Client_Liaison writeToFile
INFO: Checksum ajouté!
Jun. 27, 2022 1:45:37 P.M. Client_Liaison writeToFile
INFO: Checksum ajouté!
Jun. 27, 2022 1:45:37 P.M. Client_Liaison writeToFile
INFO: Checksum ajouté!
Jun. 27, 2022 1:45:37 P.M. Client_Liaison writeToFile
INFO: Checksum ajouté!
Jun. 27, 2022 1:45:37 P.M. Client_Liaison writeToFile
INFO: Checksum ajouté!
Jun. 27, 2022 1:45:37 P.M. Client_Liaison writeToFile
INFO: Checksum ajouté!
Jun. 27, 2022 1:45:37 P.M. Client_Liaison writeToFile
INFO: Checksum ajouté!
Jun. 27, 2022 1:45:37 P.M. Client_Liaison writeToFile
INFO: Checksum ajouté!
Jun. 27, 2022 1:45:37 P.M. Client_Liaison writeToFile
INFO: Checksum ajouté!
Jun. 27, 2022 1:45:37 P.M. Client_Liaison writeToFile
INFO: Checksum ajouté!
Jun. 27, 2022 1:45:37 P.M. Client_Liaison writeToFile
INFO: Checksum ajouté!
Jun. 27, 2022 1:45:37 P.M. Client_Liaison writeToFile
INFO: Checksum ajouté!
Jun. 27, 2022 1:45:37 P.M. Client_Liaison writeToFile
INFO: Checksum ajouté!
Jun. 27, 2022 1:45:37 P.M. Client_Liaison writeToFile
INFO: Checksum ajouté!
Jun. 27, 2022 1:45:57 P.M. Client_Liaison writeToFile
INFO: Checksum ajouté!
Jun. 27, 2022 1:45:57 P.M. Client_Liaison writeToFile
INFO: Checksum ajouté!
Jun. 27, 2022 1:45:57 P.M. Client_Liaison writeToFile
INFO: Checksum ajouté!
Jun. 27, 2022 1:45:57 P.M. Client_Liaison writeToFile
INFO: Checksum ajouté!
Jun. 27, 2022 1:45:57 P.M. Client_Liaison writeToFile
INFO: Checksum ajouté!
Jun. 27, 2022 1:45:57 P.M. Client_Liaison writeToFile
INFO: Checksum ajouté!
Jun. 27, 2022 1:45:57 P.M. Client_Liaison writeToFile
INFO: Checksum ajouté!
Jun. 27, 2022 1:45:57 P.M. Client_Liaison writeToFile
INFO: Checksum ajouté!
Jun. 27, 2022 1:45:57 P.M. Client_Liaison writeToFile
INFO: Checksum ajouté!
Jun. 27, 2022 1:45:57 P.M. Client_Liaison writeToFile
INFO: Checksum ajouté!
Jun. 27, 2022 1:45:57 P.M. Client_Liaison writeToFile
INFO: Checksum ajouté!
Jun. 27, 2022 1:45:57 P.M. Client_Liaison writeToFile
INFO: Checksum ajouté!
Jun. 27, 2022 1:45:57 P.M. Client_Liaison writeToFile
INFO: Checksum ajouté!
Jun. 27, 2022 1:45:57 P.M. Client_Liaison writeToFile
INFO: Checksum ajouté!
Jun. 27, 2022 1:45:57 P.M. Client_Liaison writeToFile
INFO: Checksum ajouté!
Jun. 27, 2022 1:46:23 P.M. Client_Liaison writeToFile
INFO: Checksum ajouté!
Jun. 27, 2022 1:46:23 P.M. Client_Liaison writeToFile
INFO: Checksum ajouté!
Jun. 27, 2022 1:46:23 P.M. Client_Liaison writeToFile
INFO: Checksum ajouté!
Jun. 27, 2022 1:46:23 P.M. Client_Liaison writeToFile
INFO: Checksum ajouté!
Jun. 27, 2022 1:46:23 P.M. Client_Liaison writeToFile
INFO: Checksum ajouté!
Jun. 27, 2022 1:46:23 P.M. Client_Liaison writeToFile
INFO: Checksum ajouté!
Jun. 27, 2022 1:46:23 P.M. Client_Liaison writeToFile
INFO: Checksum ajouté!
Jun. 27, 2022 1:46:23 P.M. Client_Liaison writeToFile
INFO: Checksum ajouté!
Jun. 27, 2022 1:46:23 P.M. Client_Liaison writeToFile
INFO: Checksum ajouté!
Jun. 27, 2022 1:46:23 P.M. Client_Liaison writeToFile
INFO: Checksum ajouté!
Jun. 27, 2022 1:46:23 P.M. Client_Liaison writeToFile
INFO: Checksum ajouté!
Jun. 27, 2022 1:46:23 P.M. Client_Liaison writeToFile
INFO: Checksum ajouté!
Jun. 27, 2022 1:46:23 P.M. Client_Liaison writeToFile
INFO: Checksum ajouté!
Jun. 27, 2022 1:46:23 P.M. Client_Liaison writeToFile
INFO: Checksum ajouté!
Jun. 27, 2022 1:46:23 P.M. Client_Liaison writeToFile
INFO: Checksum ajouté!
Jun. 27, 2022 2:03:01 P.M. Client_Liaison writeToFile
INFO: Checksum ajouté!
Jun. 27, 2022 2:03:01 P.M. Client_Liaison writeToFile
INFO: Checksum ajouté!
Jun. 27, 2022 2:03:01 P.M. Client_Liaison writeToFile
INFO: Checksum ajouté!
Jun. 27, 2022 2:03:01 P.M. Client_Liaison writeToFile
INFO: Checksum ajouté!
Jun. 27, 2022 2:03:01 P.M. Client_Liaison writeToFile
INFO: Checksum ajouté!
Jun. 27, 2022 2:03:01 P.M. Client_Liaison writeToFile
INFO: Checksum ajouté!
Jun. 27, 2022 2:03:01 P.M. Client_Liaison writeToFile
INFO: Checksum ajouté!
Jun. 27, 2022 2:03:01 P.M. Client_Liaison writeToFile
INFO: Checksum ajouté!
Jun. 27, 2022 2:03:01 P.M. Client_Liaison writeToFile
INFO: Checksum ajouté!
Jun. 27, 2022 2:03:01 P.M. Client_Liaison writeToFile
INFO: Checksum ajouté!
Jun. 27, 2022 2:03:01 P.M. Client_Liaison writeToFile
INFO: Checksum ajouté!
Jun. 27, 2022 2:03:01 P.M. Client_Liaison writeToFile
INFO: Checksum ajouté!
Jun. 27, 2022 2:03:01 P.M. Client_Liaison writeToFile
INFO: Checksum ajouté!
Jun. 27, 2022 2:03:01 P.M. Client_Liaison writeToFile
INFO: Checksum ajouté!
Jun. 27, 2022 2:03:01 P.M. Client_Liaison writeToFile
=======
juin 27, 2022 1:08:06 P.M. Client_Liaison writeToFile
INFO: Checksum ajouté!
juin 27, 2022 1:08:06 P.M. Client_Liaison writeToFile
INFO: Checksum ajouté!
juin 27, 2022 1:08:06 P.M. Client_Liaison writeToFile
INFO: Checksum ajouté!
juin 27, 2022 1:08:06 P.M. Client_Liaison writeToFile
INFO: Checksum ajouté!
juin 27, 2022 1:08:06 P.M. Client_Liaison writeToFile
INFO: Checksum ajouté!
juin 27, 2022 1:08:06 P.M. Client_Liaison writeToFile
INFO: Checksum ajouté!
juin 27, 2022 1:08:06 P.M. Client_Liaison writeToFile
INFO: Checksum ajouté!
juin 27, 2022 1:08:06 P.M. Client_Liaison writeToFile
INFO: Checksum ajouté!
juin 27, 2022 1:08:06 P.M. Client_Liaison writeToFile
INFO: Checksum ajouté!
juin 27, 2022 1:08:06 P.M. Client_Liaison writeToFile
INFO: Checksum ajouté!
juin 27, 2022 1:08:06 P.M. Client_Liaison writeToFile
INFO: Checksum ajouté!
juin 27, 2022 1:08:06 P.M. Client_Liaison writeToFile
INFO: Checksum ajouté!
juin 27, 2022 1:08:06 P.M. Client_Liaison writeToFile
INFO: Checksum ajouté!
juin 27, 2022 1:08:06 P.M. Client_Liaison writeToFile
INFO: Checksum ajouté!
juin 27, 2022 1:08:06 P.M. Client_Liaison writeToFile
>>>>>>> main
INFO: Checksum ajouté!
