
Jun. 26, 2022 3:18:18 P.M. Client_Liaison writeToFile
INFO: CRC updated!
Jun. 26, 2022 3:30:42 P.M. Client_Liaison writeToFile
INFO: CRC updated!
Jun. 27, 2022 10:17:42 A.M. Client_Liaison writeToFile
INFO: Checksum ajouté!
Jun. 27, 2022 10:20:53 A.M. Client_Liaison writeToFile
INFO: Checksum ajouté!
Jun. 27, 2022 10:20:53 A.M. Client_Liaison writeToFile
INFO: Checksum ajouté!
Jun. 27, 2022 10:20:53 A.M. Client_Liaison writeToFile
INFO: Checksum ajouté!
Jun. 27, 2022 10:20:53 A.M. Client_Liaison writeToFile
INFO: Checksum ajouté!
Jun. 27, 2022 10:20:53 A.M. Client_Liaison writeToFile
INFO: Checksum ajouté!
Jun. 27, 2022 10:20:53 A.M. Client_Liaison writeToFile
INFO: Checksum ajouté!
Jun. 27, 2022 10:20:53 A.M. Client_Liaison writeToFile
INFO: Checksum ajouté!
Jun. 27, 2022 10:20:53 A.M. Client_Liaison writeToFile
INFO: Checksum ajouté!
Jun. 27, 2022 10:20:53 A.M. Client_Liaison writeToFile
INFO: Checksum ajouté!
Jun. 27, 2022 10:20:53 A.M. Client_Liaison writeToFile
INFO: Checksum ajouté!
Jun. 27, 2022 10:20:53 A.M. Client_Liaison writeToFile
INFO: Checksum ajouté!
Jun. 27, 2022 10:20:53 A.M. Client_Liaison writeToFile
INFO: Checksum ajouté!
Jun. 27, 2022 10:20:53 A.M. Client_Liaison writeToFile
INFO: Checksum ajouté!
Jun. 27, 2022 10:20:53 A.M. Client_Liaison writeToFile
INFO: Checksum ajouté!
Jun. 27, 2022 10:20:53 A.M. Client_Liaison writeToFile
INFO: Checksum ajouté!
Jun. 27, 2022 10:26:27 A.M. Client_Liaison writeToFile
INFO: Checksum ajouté!
Jun. 27, 2022 10:26:27 A.M. Client_Liaison writeToFile
INFO: Checksum ajouté!
Jun. 27, 2022 10:26:27 A.M. Client_Liaison writeToFile
INFO: Checksum ajouté!
Jun. 27, 2022 10:26:27 A.M. Client_Liaison writeToFile
INFO: Checksum ajouté!
Jun. 27, 2022 10:26:27 A.M. Client_Liaison writeToFile
INFO: Checksum ajouté!
Jun. 27, 2022 10:26:27 A.M. Client_Liaison writeToFile
INFO: Checksum ajouté!
Jun. 27, 2022 10:26:27 A.M. Client_Liaison writeToFile
INFO: Checksum ajouté!
Jun. 27, 2022 10:26:27 A.M. Client_Liaison writeToFile
INFO: Checksum ajouté!
Jun. 27, 2022 10:26:27 A.M. Client_Liaison writeToFile
INFO: Checksum ajouté!
Jun. 27, 2022 10:26:27 A.M. Client_Liaison writeToFile
INFO: Checksum ajouté!
Jun. 27, 2022 10:26:27 A.M. Client_Liaison writeToFile
INFO: Checksum ajouté!
Jun. 27, 2022 10:26:27 A.M. Client_Liaison writeToFile
INFO: Checksum ajouté!
Jun. 27, 2022 10:26:27 A.M. Client_Liaison writeToFile
INFO: Checksum ajouté!
Jun. 27, 2022 10:26:27 A.M. Client_Liaison writeToFile
INFO: Checksum ajouté!
Jun. 27, 2022 10:26:27 A.M. Client_Liaison writeToFile
INFO: Checksum ajouté!
Jun. 27, 2022 10:27:03 A.M. Client_Liaison writeToFile
INFO: Checksum ajouté!
Jun. 27, 2022 10:27:03 A.M. Client_Liaison writeToFile
INFO: Checksum ajouté!
Jun. 27, 2022 10:27:03 A.M. Client_Liaison writeToFile
INFO: Checksum ajouté!
Jun. 27, 2022 10:27:03 A.M. Client_Liaison writeToFile
INFO: Checksum ajouté!
Jun. 27, 2022 10:27:03 A.M. Client_Liaison writeToFile
INFO: Checksum ajouté!
Jun. 27, 2022 10:27:03 A.M. Client_Liaison writeToFile
INFO: Checksum ajouté!
Jun. 27, 2022 10:27:03 A.M. Client_Liaison writeToFile
INFO: Checksum ajouté!
Jun. 27, 2022 10:27:03 A.M. Client_Liaison writeToFile
INFO: Checksum ajouté!
Jun. 27, 2022 10:27:03 A.M. Client_Liaison writeToFile
INFO: Checksum ajouté!
Jun. 27, 2022 10:27:03 A.M. Client_Liaison writeToFile
INFO: Checksum ajouté!
Jun. 27, 2022 10:27:03 A.M. Client_Liaison writeToFile
INFO: Checksum ajouté!
Jun. 27, 2022 10:27:03 A.M. Client_Liaison writeToFile
INFO: Checksum ajouté!
Jun. 27, 2022 10:27:03 A.M. Client_Liaison writeToFile
INFO: Checksum ajouté!
Jun. 27, 2022 10:27:03 A.M. Client_Liaison writeToFile
INFO: Checksum ajouté!
Jun. 27, 2022 10:27:03 A.M. Client_Liaison writeToFile
INFO: Checksum ajouté!
Jun. 27, 2022 10:28:46 A.M. Client_Liaison writeToFile
INFO: Checksum ajouté!
Jun. 27, 2022 10:28:46 A.M. Client_Liaison writeToFile
INFO: Checksum ajouté!
Jun. 27, 2022 10:28:46 A.M. Client_Liaison writeToFile
INFO: Checksum ajouté!
Jun. 27, 2022 10:28:46 A.M. Client_Liaison writeToFile
INFO: Checksum ajouté!
Jun. 27, 2022 10:28:46 A.M. Client_Liaison writeToFile
INFO: Checksum ajouté!
Jun. 27, 2022 10:28:46 A.M. Client_Liaison writeToFile
INFO: Checksum ajouté!
Jun. 27, 2022 10:28:46 A.M. Client_Liaison writeToFile
INFO: Checksum ajouté!
Jun. 27, 2022 10:28:46 A.M. Client_Liaison writeToFile
INFO: Checksum ajouté!
Jun. 27, 2022 10:28:46 A.M. Client_Liaison writeToFile
INFO: Checksum ajouté!
Jun. 27, 2022 10:28:46 A.M. Client_Liaison writeToFile
INFO: Checksum ajouté!
Jun. 27, 2022 10:28:46 A.M. Client_Liaison writeToFile
INFO: Checksum ajouté!
Jun. 27, 2022 10:28:46 A.M. Client_Liaison writeToFile
INFO: Checksum ajouté!
Jun. 27, 2022 10:28:46 A.M. Client_Liaison writeToFile
INFO: Checksum ajouté!
Jun. 27, 2022 10:28:46 A.M. Client_Liaison writeToFile
INFO: Checksum ajouté!
Jun. 27, 2022 10:28:46 A.M. Client_Liaison writeToFile
INFO: Checksum ajouté!
Jun. 27, 2022 10:29:59 A.M. Client_Liaison writeToFile
INFO: Checksum ajouté!
Jun. 27, 2022 10:29:59 A.M. Client_Liaison writeToFile
INFO: Checksum ajouté!
Jun. 27, 2022 10:29:59 A.M. Client_Liaison writeToFile
INFO: Checksum ajouté!
Jun. 27, 2022 10:29:59 A.M. Client_Liaison writeToFile
INFO: Checksum ajouté!
Jun. 27, 2022 10:29:59 A.M. Client_Liaison writeToFile
INFO: Checksum ajouté!
Jun. 27, 2022 10:29:59 A.M. Client_Liaison writeToFile
INFO: Checksum ajouté!
Jun. 27, 2022 10:29:59 A.M. Client_Liaison writeToFile
INFO: Checksum ajouté!
Jun. 27, 2022 10:29:59 A.M. Client_Liaison writeToFile
INFO: Checksum ajouté!
Jun. 27, 2022 10:29:59 A.M. Client_Liaison writeToFile
INFO: Checksum ajouté!
Jun. 27, 2022 10:29:59 A.M. Client_Liaison writeToFile
INFO: Checksum ajouté!
Jun. 27, 2022 10:29:59 A.M. Client_Liaison writeToFile
INFO: Checksum ajouté!
Jun. 27, 2022 10:29:59 A.M. Client_Liaison writeToFile
INFO: Checksum ajouté!
Jun. 27, 2022 10:29:59 A.M. Client_Liaison writeToFile
INFO: Checksum ajouté!
Jun. 27, 2022 10:29:59 A.M. Client_Liaison writeToFile
INFO: Checksum ajouté!
Jun. 27, 2022 10:36:09 A.M. Client_Liaison writeToFile
INFO: Checksum ajouté!
Jun. 27, 2022 10:36:20 A.M. Client_Liaison writeToFile
INFO: Checksum ajouté!
Jun. 27, 2022 10:41:07 A.M. Client_Liaison writeToFile
INFO: Checksum ajouté!
Jun. 27, 2022 10:41:07 A.M. Client_Liaison writeToFile
INFO: Checksum ajouté!
Jun. 27, 2022 10:41:07 A.M. Client_Liaison writeToFile
INFO: Checksum ajouté!
Jun. 27, 2022 10:41:07 A.M. Client_Liaison writeToFile
INFO: Checksum ajouté!
Jun. 27, 2022 10:41:07 A.M. Client_Liaison writeToFile
INFO: Checksum ajouté!
Jun. 27, 2022 10:41:07 A.M. Client_Liaison writeToFile
INFO: Checksum ajouté!
Jun. 27, 2022 10:41:07 A.M. Client_Liaison writeToFile
INFO: Checksum ajouté!
Jun. 27, 2022 10:41:07 A.M. Client_Liaison writeToFile
INFO: Checksum ajouté!
Jun. 27, 2022 10:41:07 A.M. Client_Liaison writeToFile
INFO: Checksum ajouté!
Jun. 27, 2022 10:41:07 A.M. Client_Liaison writeToFile
INFO: Checksum ajouté!
Jun. 27, 2022 10:41:07 A.M. Client_Liaison writeToFile
INFO: Checksum ajouté!
Jun. 27, 2022 10:41:07 A.M. Client_Liaison writeToFile
INFO: Checksum ajouté!
Jun. 27, 2022 10:41:07 A.M. Client_Liaison writeToFile
INFO: Checksum ajouté!
Jun. 27, 2022 10:41:07 A.M. Client_Liaison writeToFile
INFO: Checksum ajouté!
juin 27, 2022 1:08:06 P.M. Client_Liaison writeToFile
INFO: Checksum ajouté!
juin 27, 2022 1:08:06 P.M. Client_Liaison writeToFile
INFO: Checksum ajouté!
juin 27, 2022 1:08:06 P.M. Client_Liaison writeToFile
INFO: Checksum ajouté!
juin 27, 2022 1:08:06 P.M. Client_Liaison writeToFile
INFO: Checksum ajouté!
juin 27, 2022 1:08:06 P.M. Client_Liaison writeToFile
INFO: Checksum ajouté!
juin 27, 2022 1:08:06 P.M. Client_Liaison writeToFile
INFO: Checksum ajouté!
juin 27, 2022 1:08:06 P.M. Client_Liaison writeToFile
INFO: Checksum ajouté!
juin 27, 2022 1:08:06 P.M. Client_Liaison writeToFile
INFO: Checksum ajouté!
juin 27, 2022 1:08:06 P.M. Client_Liaison writeToFile
INFO: Checksum ajouté!
juin 27, 2022 1:08:06 P.M. Client_Liaison writeToFile
INFO: Checksum ajouté!
juin 27, 2022 1:08:06 P.M. Client_Liaison writeToFile
INFO: Checksum ajouté!
juin 27, 2022 1:08:06 P.M. Client_Liaison writeToFile
INFO: Checksum ajouté!
juin 27, 2022 1:08:06 P.M. Client_Liaison writeToFile
INFO: Checksum ajouté!
juin 27, 2022 1:08:06 P.M. Client_Liaison writeToFile
INFO: Checksum ajouté!
juin 27, 2022 1:08:06 P.M. Client_Liaison writeToFile
INFO: Checksum ajouté!
Jun. 27, 2022 2:42:47 P.M. Client_Liaison writeToFile
INFO: Checksum ajouté!
Jun. 27, 2022 2:42:47 P.M. Client_Liaison writeToFile
INFO: Checksum ajouté!
Jun. 27, 2022 2:42:47 P.M. Client_Liaison writeToFile
INFO: Checksum ajouté!
Jun. 27, 2022 2:42:47 P.M. Client_Liaison writeToFile
INFO: Checksum ajouté!
Jun. 27, 2022 2:42:47 P.M. Client_Liaison writeToFile
INFO: Checksum ajouté!
Jun. 27, 2022 2:42:47 P.M. Client_Liaison writeToFile
INFO: Checksum ajouté!
Jun. 27, 2022 2:42:47 P.M. Client_Liaison writeToFile
INFO: Checksum ajouté!
Jun. 27, 2022 2:42:47 P.M. Client_Liaison writeToFile
INFO: Checksum ajouté!
Jun. 27, 2022 2:42:47 P.M. Client_Liaison writeToFile
INFO: Checksum ajouté!
Jun. 27, 2022 2:42:47 P.M. Client_Liaison writeToFile
INFO: Checksum ajouté!
Jun. 27, 2022 2:42:47 P.M. Client_Liaison writeToFile
INFO: Checksum ajouté!
Jun. 27, 2022 2:42:47 P.M. Client_Liaison writeToFile
INFO: Checksum ajouté!
Jun. 27, 2022 2:42:47 P.M. Client_Liaison writeToFile
INFO: Checksum ajouté!
Jun. 27, 2022 2:42:47 P.M. Client_Liaison writeToFile
INFO: Checksum ajouté!
Jun. 27, 2022 2:43:22 P.M. Client_Liaison writeToFile
INFO: Checksum ajouté!
Jun. 27, 2022 2:43:22 P.M. Client_Liaison writeToFile
INFO: Checksum ajouté!
Jun. 27, 2022 2:43:22 P.M. Client_Liaison writeToFile
INFO: Checksum ajouté!
Jun. 27, 2022 2:43:22 P.M. Client_Liaison writeToFile
INFO: Checksum ajouté!
Jun. 27, 2022 2:43:22 P.M. Client_Liaison writeToFile
INFO: Checksum ajouté!
Jun. 27, 2022 2:43:22 P.M. Client_Liaison writeToFile
INFO: Checksum ajouté!
Jun. 27, 2022 2:43:22 P.M. Client_Liaison writeToFile
INFO: Checksum ajouté!
Jun. 27, 2022 2:43:22 P.M. Client_Liaison writeToFile
INFO: Checksum ajouté!
Jun. 27, 2022 2:43:22 P.M. Client_Liaison writeToFile
INFO: Checksum ajouté!
Jun. 27, 2022 2:43:22 P.M. Client_Liaison writeToFile
INFO: Checksum ajouté!
Jun. 27, 2022 2:43:22 P.M. Client_Liaison writeToFile
INFO: Checksum ajouté!
Jun. 27, 2022 2:43:22 P.M. Client_Liaison writeToFile
INFO: Checksum ajouté!
Jun. 27, 2022 2:43:22 P.M. Client_Liaison writeToFile
INFO: Checksum ajouté!
Jun. 27, 2022 2:43:22 P.M. Client_Liaison writeToFile
INFO: Checksum ajouté!
Jun. 27, 2022 2:57:23 P.M. Client_Liaison writeToFile
INFO: Checksum ajouté!
Jun. 27, 2022 2:57:23 P.M. Client_Liaison writeToFile
INFO: Checksum ajouté!
Jun. 27, 2022 2:57:23 P.M. Client_Liaison writeToFile
INFO: Checksum ajouté!
Jun. 27, 2022 2:57:23 P.M. Client_Liaison writeToFile
INFO: Checksum ajouté!
Jun. 27, 2022 2:57:23 P.M. Client_Liaison writeToFile
INFO: Checksum ajouté!
Jun. 27, 2022 2:57:23 P.M. Client_Liaison writeToFile
INFO: Checksum ajouté!
Jun. 27, 2022 2:57:23 P.M. Client_Liaison writeToFile
INFO: Checksum ajouté!
Jun. 27, 2022 2:57:23 P.M. Client_Liaison writeToFile
INFO: Checksum ajouté!
Jun. 27, 2022 2:57:23 P.M. Client_Liaison writeToFile
INFO: Checksum ajouté!
Jun. 27, 2022 2:57:23 P.M. Client_Liaison writeToFile
INFO: Checksum ajouté!
Jun. 27, 2022 2:57:23 P.M. Client_Liaison writeToFile
INFO: Checksum ajouté!
Jun. 27, 2022 2:57:23 P.M. Client_Liaison writeToFile
INFO: Checksum ajouté!
Jun. 27, 2022 2:57:23 P.M. Client_Liaison writeToFile
INFO: Checksum ajouté!
Jun. 27, 2022 2:57:23 P.M. Client_Liaison writeToFile
INFO: Checksum ajouté!
Jun. 27, 2022 2:57:40 P.M. Client_Liaison writeToFile
INFO: Checksum ajouté!
Jun. 27, 2022 2:57:40 P.M. Client_Liaison writeToFile
INFO: Checksum ajouté!
Jun. 27, 2022 2:57:40 P.M. Client_Liaison writeToFile
INFO: Checksum ajouté!
Jun. 27, 2022 2:57:40 P.M. Client_Liaison writeToFile
INFO: Checksum ajouté!
Jun. 27, 2022 2:57:40 P.M. Client_Liaison writeToFile
INFO: Checksum ajouté!
Jun. 27, 2022 2:57:40 P.M. Client_Liaison writeToFile
INFO: Checksum ajouté!
Jun. 27, 2022 2:57:40 P.M. Client_Liaison writeToFile
INFO: Checksum ajouté!
Jun. 27, 2022 2:57:40 P.M. Client_Liaison writeToFile
INFO: Checksum ajouté!
Jun. 27, 2022 2:57:40 P.M. Client_Liaison writeToFile
INFO: Checksum ajouté!
Jun. 27, 2022 2:57:40 P.M. Client_Liaison writeToFile
INFO: Checksum ajouté!
Jun. 27, 2022 2:57:40 P.M. Client_Liaison writeToFile
INFO: Checksum ajouté!
Jun. 27, 2022 2:57:40 P.M. Client_Liaison writeToFile
INFO: Checksum ajouté!
Jun. 27, 2022 2:57:40 P.M. Client_Liaison writeToFile
INFO: Checksum ajouté!
Jun. 27, 2022 2:57:40 P.M. Client_Liaison writeToFile
INFO: Checksum ajouté!
Jun. 27, 2022 2:58:23 P.M. Client_Liaison writeToFile
INFO: Checksum ajouté!
Jun. 27, 2022 2:58:23 P.M. Client_Liaison writeToFile
INFO: Checksum ajouté!
Jun. 27, 2022 2:58:23 P.M. Client_Liaison writeToFile
INFO: Checksum ajouté!
Jun. 27, 2022 2:58:23 P.M. Client_Liaison writeToFile
INFO: Checksum ajouté!
Jun. 27, 2022 2:58:23 P.M. Client_Liaison writeToFile
INFO: Checksum ajouté!
Jun. 27, 2022 2:58:23 P.M. Client_Liaison writeToFile
INFO: Checksum ajouté!
Jun. 27, 2022 2:58:23 P.M. Client_Liaison writeToFile
INFO: Checksum ajouté!
Jun. 27, 2022 2:58:23 P.M. Client_Liaison writeToFile
INFO: Checksum ajouté!
Jun. 27, 2022 2:58:23 P.M. Client_Liaison writeToFile
INFO: Checksum ajouté!
Jun. 27, 2022 2:58:23 P.M. Client_Liaison writeToFile
INFO: Checksum ajouté!
Jun. 27, 2022 2:58:23 P.M. Client_Liaison writeToFile
INFO: Checksum ajouté!
Jun. 27, 2022 2:58:23 P.M. Client_Liaison writeToFile
INFO: Checksum ajouté!
Jun. 27, 2022 2:58:23 P.M. Client_Liaison writeToFile
INFO: Checksum ajouté!
Jun. 27, 2022 2:58:23 P.M. Client_Liaison writeToFile
INFO: Checksum ajouté!
Jun. 27, 2022 2:58:50 P.M. Client_Liaison writeToFile
INFO: Checksum ajouté!
Jun. 27, 2022 2:58:50 P.M. Client_Liaison writeToFile
INFO: Checksum ajouté!
Jun. 27, 2022 2:58:50 P.M. Client_Liaison writeToFile
INFO: Checksum ajouté!
Jun. 27, 2022 2:58:50 P.M. Client_Liaison writeToFile
INFO: Checksum ajouté!
Jun. 27, 2022 2:58:50 P.M. Client_Liaison writeToFile
INFO: Checksum ajouté!
Jun. 27, 2022 2:58:50 P.M. Client_Liaison writeToFile
INFO: Checksum ajouté!
Jun. 27, 2022 2:58:50 P.M. Client_Liaison writeToFile
INFO: Checksum ajouté!
Jun. 27, 2022 2:58:50 P.M. Client_Liaison writeToFile
INFO: Checksum ajouté!
Jun. 27, 2022 2:58:50 P.M. Client_Liaison writeToFile
INFO: Checksum ajouté!
Jun. 27, 2022 2:58:50 P.M. Client_Liaison writeToFile
INFO: Checksum ajouté!
Jun. 27, 2022 2:58:50 P.M. Client_Liaison writeToFile
INFO: Checksum ajouté!
Jun. 27, 2022 2:58:50 P.M. Client_Liaison writeToFile
INFO: Checksum ajouté!
Jun. 27, 2022 2:58:50 P.M. Client_Liaison writeToFile
INFO: Checksum ajouté!
Jun. 27, 2022 2:58:50 P.M. Client_Liaison writeToFile
INFO: Checksum ajouté!
Jun. 27, 2022 3:00:00 P.M. Client_Liaison writeToFile
INFO: Checksum ajouté!
Jun. 27, 2022 3:00:00 P.M. Client_Liaison writeToFile
INFO: Checksum ajouté!
Jun. 27, 2022 3:00:00 P.M. Client_Liaison writeToFile
INFO: Checksum ajouté!
Jun. 27, 2022 3:00:00 P.M. Client_Liaison writeToFile
INFO: Checksum ajouté!
Jun. 27, 2022 3:00:00 P.M. Client_Liaison writeToFile
INFO: Checksum ajouté!
Jun. 27, 2022 3:00:00 P.M. Client_Liaison writeToFile
INFO: Checksum ajouté!
Jun. 27, 2022 3:00:00 P.M. Client_Liaison writeToFile
INFO: Checksum ajouté!
Jun. 27, 2022 3:00:00 P.M. Client_Liaison writeToFile
INFO: Checksum ajouté!
Jun. 27, 2022 3:00:00 P.M. Client_Liaison writeToFile
INFO: Checksum ajouté!
Jun. 27, 2022 3:00:00 P.M. Client_Liaison writeToFile
INFO: Checksum ajouté!
Jun. 27, 2022 3:00:00 P.M. Client_Liaison writeToFile
INFO: Checksum ajouté!
Jun. 27, 2022 3:00:00 P.M. Client_Liaison writeToFile
INFO: Checksum ajouté!
Jun. 27, 2022 3:00:00 P.M. Client_Liaison writeToFile
INFO: Checksum ajouté!
Jun. 27, 2022 3:00:00 P.M. Client_Liaison writeToFile
INFO: Checksum ajouté!
Jun. 27, 2022 3:01:43 P.M. Client_Liaison writeToFile
INFO: Checksum ajouté!
Jun. 27, 2022 3:01:44 P.M. Client_Liaison writeToFile
INFO: Checksum ajouté!
Jun. 27, 2022 3:01:44 P.M. Client_Liaison writeToFile
INFO: Checksum ajouté!
Jun. 27, 2022 3:01:44 P.M. Client_Liaison writeToFile
INFO: Checksum ajouté!
Jun. 27, 2022 3:01:44 P.M. Client_Liaison writeToFile
INFO: Checksum ajouté!
Jun. 27, 2022 3:01:44 P.M. Client_Liaison writeToFile
INFO: Checksum ajouté!
Jun. 27, 2022 3:01:44 P.M. Client_Liaison writeToFile
INFO: Checksum ajouté!
Jun. 27, 2022 3:01:44 P.M. Client_Liaison writeToFile
INFO: Checksum ajouté!
Jun. 27, 2022 3:01:44 P.M. Client_Liaison writeToFile
INFO: Checksum ajouté!
Jun. 27, 2022 3:01:44 P.M. Client_Liaison writeToFile
INFO: Checksum ajouté!
Jun. 27, 2022 3:01:44 P.M. Client_Liaison writeToFile
INFO: Checksum ajouté!
Jun. 27, 2022 3:01:44 P.M. Client_Liaison writeToFile
INFO: Checksum ajouté!
Jun. 27, 2022 3:01:44 P.M. Client_Liaison writeToFile
INFO: Checksum ajouté!
Jun. 27, 2022 3:01:44 P.M. Client_Liaison writeToFile
INFO: Checksum ajouté!
Jun. 27, 2022 3:02:35 P.M. Client_Liaison writeToFile
INFO: Checksum ajouté!
Jun. 27, 2022 3:02:35 P.M. Client_Liaison writeToFile
INFO: Checksum ajouté!
Jun. 27, 2022 3:02:35 P.M. Client_Liaison writeToFile
INFO: Checksum ajouté!
Jun. 27, 2022 3:02:35 P.M. Client_Liaison writeToFile
INFO: Checksum ajouté!
Jun. 27, 2022 3:02:35 P.M. Client_Liaison writeToFile
INFO: Checksum ajouté!
Jun. 27, 2022 3:02:35 P.M. Client_Liaison writeToFile
INFO: Checksum ajouté!
Jun. 27, 2022 3:02:35 P.M. Client_Liaison writeToFile
INFO: Checksum ajouté!
Jun. 27, 2022 3:02:35 P.M. Client_Liaison writeToFile
INFO: Checksum ajouté!
Jun. 27, 2022 3:02:35 P.M. Client_Liaison writeToFile
INFO: Checksum ajouté!
Jun. 27, 2022 3:02:35 P.M. Client_Liaison writeToFile
INFO: Checksum ajouté!
Jun. 27, 2022 3:02:35 P.M. Client_Liaison writeToFile
INFO: Checksum ajouté!
Jun. 27, 2022 3:02:35 P.M. Client_Liaison writeToFile
INFO: Checksum ajouté!
Jun. 27, 2022 3:02:35 P.M. Client_Liaison writeToFile
INFO: Checksum ajouté!
Jun. 27, 2022 3:02:35 P.M. Client_Liaison writeToFile
INFO: Checksum ajouté!
Jun. 27, 2022 3:06:45 P.M. Client_Liaison writeToFile
INFO: Checksum ajouté!
Jun. 27, 2022 3:06:45 P.M. Client_Liaison writeToFile
INFO: Checksum ajouté!
Jun. 27, 2022 3:06:45 P.M. Client_Liaison writeToFile
INFO: Checksum ajouté!
Jun. 27, 2022 3:06:45 P.M. Client_Liaison writeToFile
INFO: Checksum ajouté!
Jun. 27, 2022 3:06:45 P.M. Client_Liaison writeToFile
INFO: Checksum ajouté!
Jun. 27, 2022 3:06:45 P.M. Client_Liaison writeToFile
INFO: Checksum ajouté!
Jun. 27, 2022 3:06:45 P.M. Client_Liaison writeToFile
INFO: Checksum ajouté!
Jun. 27, 2022 3:06:45 P.M. Client_Liaison writeToFile
INFO: Checksum ajouté!
Jun. 27, 2022 3:06:45 P.M. Client_Liaison writeToFile
INFO: Checksum ajouté!
Jun. 27, 2022 3:06:45 P.M. Client_Liaison writeToFile
INFO: Checksum ajouté!
Jun. 27, 2022 3:06:45 P.M. Client_Liaison writeToFile
INFO: Checksum ajouté!
Jun. 27, 2022 3:06:45 P.M. Client_Liaison writeToFile
INFO: Checksum ajouté!
Jun. 27, 2022 3:06:45 P.M. Client_Liaison writeToFile
INFO: Checksum ajouté!
Jun. 27, 2022 3:06:45 P.M. Client_Liaison writeToFile
INFO: Checksum ajouté!
Jun. 27, 2022 3:08:18 P.M. Client_Liaison writeToFile
INFO: Checksum ajouté!
Jun. 27, 2022 3:08:18 P.M. Client_Liaison writeToFile
INFO: Checksum ajouté!
Jun. 27, 2022 3:08:18 P.M. Client_Liaison writeToFile
INFO: Checksum ajouté!
Jun. 27, 2022 3:08:18 P.M. Client_Liaison writeToFile
INFO: Checksum ajouté!
Jun. 27, 2022 3:08:18 P.M. Client_Liaison writeToFile
INFO: Checksum ajouté!
Jun. 27, 2022 3:08:18 P.M. Client_Liaison writeToFile
INFO: Checksum ajouté!
Jun. 27, 2022 3:08:18 P.M. Client_Liaison writeToFile
INFO: Checksum ajouté!
Jun. 27, 2022 3:08:18 P.M. Client_Liaison writeToFile
INFO: Checksum ajouté!
Jun. 27, 2022 3:08:18 P.M. Client_Liaison writeToFile
INFO: Checksum ajouté!
Jun. 27, 2022 3:08:18 P.M. Client_Liaison writeToFile
INFO: Checksum ajouté!
Jun. 27, 2022 3:08:18 P.M. Client_Liaison writeToFile
INFO: Checksum ajouté!
Jun. 27, 2022 3:08:18 P.M. Client_Liaison writeToFile
INFO: Checksum ajouté!
Jun. 27, 2022 3:08:18 P.M. Client_Liaison writeToFile
INFO: Checksum ajouté!
Jun. 27, 2022 3:08:18 P.M. Client_Liaison writeToFile
INFO: Checksum ajouté!
Jun. 27, 2022 3:08:36 P.M. Client_Liaison writeToFile
INFO: Checksum ajouté!
Jun. 27, 2022 3:08:36 P.M. Client_Liaison writeToFile
INFO: Checksum ajouté!
Jun. 27, 2022 3:08:36 P.M. Client_Liaison writeToFile
INFO: Checksum ajouté!
Jun. 27, 2022 3:08:36 P.M. Client_Liaison writeToFile
INFO: Checksum ajouté!
Jun. 27, 2022 3:08:36 P.M. Client_Liaison writeToFile
INFO: Checksum ajouté!
Jun. 27, 2022 3:08:36 P.M. Client_Liaison writeToFile
INFO: Checksum ajouté!
Jun. 27, 2022 3:08:36 P.M. Client_Liaison writeToFile
INFO: Checksum ajouté!
Jun. 27, 2022 3:08:36 P.M. Client_Liaison writeToFile
INFO: Checksum ajouté!
Jun. 27, 2022 3:08:36 P.M. Client_Liaison writeToFile
INFO: Checksum ajouté!
Jun. 27, 2022 3:08:36 P.M. Client_Liaison writeToFile
INFO: Checksum ajouté!
Jun. 27, 2022 3:08:36 P.M. Client_Liaison writeToFile
INFO: Checksum ajouté!
Jun. 27, 2022 3:08:36 P.M. Client_Liaison writeToFile
INFO: Checksum ajouté!
Jun. 27, 2022 3:08:36 P.M. Client_Liaison writeToFile
INFO: Checksum ajouté!
Jun. 27, 2022 3:08:36 P.M. Client_Liaison writeToFile
INFO: Checksum ajouté!
Jun. 27, 2022 3:18:57 P.M. Client_Liaison writeToFile
INFO: Checksum ajouté!
Jun. 27, 2022 3:18:57 P.M. Client_Liaison writeToFile
INFO: Checksum ajouté!
Jun. 27, 2022 3:18:57 P.M. Client_Liaison writeToFile
INFO: Checksum ajouté!
Jun. 27, 2022 3:18:57 P.M. Client_Liaison writeToFile
INFO: Checksum ajouté!
Jun. 27, 2022 3:18:57 P.M. Client_Liaison writeToFile
INFO: Checksum ajouté!
Jun. 27, 2022 3:18:57 P.M. Client_Liaison writeToFile
INFO: Checksum ajouté!
Jun. 27, 2022 3:18:57 P.M. Client_Liaison writeToFile
INFO: Checksum ajouté!
Jun. 27, 2022 3:18:57 P.M. Client_Liaison writeToFile
INFO: Checksum ajouté!
Jun. 27, 2022 3:18:57 P.M. Client_Liaison writeToFile
INFO: Checksum ajouté!
Jun. 27, 2022 3:18:57 P.M. Client_Liaison writeToFile
INFO: Checksum ajouté!
Jun. 27, 2022 3:18:57 P.M. Client_Liaison writeToFile
INFO: Checksum ajouté!
Jun. 27, 2022 3:18:57 P.M. Client_Liaison writeToFile
INFO: Checksum ajouté!
Jun. 27, 2022 3:18:57 P.M. Client_Liaison writeToFile
INFO: Checksum ajouté!
Jun. 27, 2022 3:18:57 P.M. Client_Liaison writeToFile
INFO: Checksum ajouté!
Jun. 27, 2022 3:19:28 P.M. Client_Liaison writeToFile
INFO: Checksum ajouté!
Jun. 27, 2022 3:19:28 P.M. Client_Liaison writeToFile
INFO: Checksum ajouté!
Jun. 27, 2022 3:19:28 P.M. Client_Liaison writeToFile
INFO: Checksum ajouté!
Jun. 27, 2022 3:19:28 P.M. Client_Liaison writeToFile
INFO: Checksum ajouté!
Jun. 27, 2022 3:19:28 P.M. Client_Liaison writeToFile
INFO: Checksum ajouté!
Jun. 27, 2022 3:19:28 P.M. Client_Liaison writeToFile
INFO: Checksum ajouté!
Jun. 27, 2022 3:19:28 P.M. Client_Liaison writeToFile
INFO: Checksum ajouté!
Jun. 27, 2022 3:19:28 P.M. Client_Liaison writeToFile
INFO: Checksum ajouté!
Jun. 27, 2022 3:19:28 P.M. Client_Liaison writeToFile
INFO: Checksum ajouté!
Jun. 27, 2022 3:19:28 P.M. Client_Liaison writeToFile
INFO: Checksum ajouté!
Jun. 27, 2022 3:19:28 P.M. Client_Liaison writeToFile
INFO: Checksum ajouté!
Jun. 27, 2022 3:19:28 P.M. Client_Liaison writeToFile
INFO: Checksum ajouté!
Jun. 27, 2022 3:19:28 P.M. Client_Liaison writeToFile
INFO: Checksum ajouté!
Jun. 27, 2022 3:19:28 P.M. Client_Liaison writeToFile
INFO: Checksum ajouté!
Jun. 27, 2022 3:22:48 P.M. Client_Liaison writeToFile
INFO: Checksum ajouté!
Jun. 27, 2022 3:22:48 P.M. Client_Liaison writeToFile
INFO: Checksum ajouté!
Jun. 27, 2022 3:22:48 P.M. Client_Liaison writeToFile
INFO: Checksum ajouté!
Jun. 27, 2022 3:22:48 P.M. Client_Liaison writeToFile
INFO: Checksum ajouté!
Jun. 27, 2022 3:22:48 P.M. Client_Liaison writeToFile
INFO: Checksum ajouté!
Jun. 27, 2022 3:22:48 P.M. Client_Liaison writeToFile
INFO: Checksum ajouté!
Jun. 27, 2022 3:22:48 P.M. Client_Liaison writeToFile
INFO: Checksum ajouté!
Jun. 27, 2022 3:22:48 P.M. Client_Liaison writeToFile
INFO: Checksum ajouté!
Jun. 27, 2022 3:22:48 P.M. Client_Liaison writeToFile
INFO: Checksum ajouté!
Jun. 27, 2022 3:22:48 P.M. Client_Liaison writeToFile
INFO: Checksum ajouté!
Jun. 27, 2022 3:22:48 P.M. Client_Liaison writeToFile
INFO: Checksum ajouté!
Jun. 27, 2022 3:22:48 P.M. Client_Liaison writeToFile
INFO: Checksum ajouté!
Jun. 27, 2022 3:22:48 P.M. Client_Liaison writeToFile
INFO: Checksum ajouté!
Jun. 27, 2022 3:22:48 P.M. Client_Liaison writeToFile
INFO: Checksum ajouté!
Jun. 27, 2022 3:23:31 P.M. Client_Liaison writeToFile
INFO: Checksum ajouté!
Jun. 27, 2022 3:23:31 P.M. Client_Liaison writeToFile
INFO: Checksum ajouté!
Jun. 27, 2022 3:23:31 P.M. Client_Liaison writeToFile
INFO: Checksum ajouté!
Jun. 27, 2022 3:23:31 P.M. Client_Liaison writeToFile
INFO: Checksum ajouté!
Jun. 27, 2022 3:23:31 P.M. Client_Liaison writeToFile
INFO: Checksum ajouté!
Jun. 27, 2022 3:23:31 P.M. Client_Liaison writeToFile
INFO: Checksum ajouté!
Jun. 27, 2022 3:23:31 P.M. Client_Liaison writeToFile
INFO: Checksum ajouté!
Jun. 27, 2022 3:23:31 P.M. Client_Liaison writeToFile
INFO: Checksum ajouté!
Jun. 27, 2022 3:23:31 P.M. Client_Liaison writeToFile
INFO: Checksum ajouté!
Jun. 27, 2022 3:23:31 P.M. Client_Liaison writeToFile
INFO: Checksum ajouté!
Jun. 27, 2022 3:23:31 P.M. Client_Liaison writeToFile
INFO: Checksum ajouté!
Jun. 27, 2022 3:23:31 P.M. Client_Liaison writeToFile
INFO: Checksum ajouté!
Jun. 27, 2022 3:23:31 P.M. Client_Liaison writeToFile
INFO: Checksum ajouté!
Jun. 27, 2022 3:23:31 P.M. Client_Liaison writeToFile
INFO: Checksum ajouté!
Jun. 27, 2022 3:34:12 P.M. Client_Liaison writeToFile
INFO: Checksum ajouté!
Jun. 27, 2022 3:34:12 P.M. Client_Liaison writeToFile
INFO: Checksum ajouté!
Jun. 27, 2022 3:34:12 P.M. Client_Liaison writeToFile
INFO: Checksum ajouté!
Jun. 27, 2022 3:34:12 P.M. Client_Liaison writeToFile
INFO: Checksum ajouté!
Jun. 27, 2022 3:34:12 P.M. Client_Liaison writeToFile
INFO: Checksum ajouté!
Jun. 27, 2022 3:34:12 P.M. Client_Liaison writeToFile
INFO: Checksum ajouté!
Jun. 27, 2022 3:34:12 P.M. Client_Liaison writeToFile
INFO: Checksum ajouté!
Jun. 27, 2022 3:34:12 P.M. Client_Liaison writeToFile
INFO: Checksum ajouté!
Jun. 27, 2022 3:34:12 P.M. Client_Liaison writeToFile
INFO: Checksum ajouté!
Jun. 27, 2022 3:34:12 P.M. Client_Liaison writeToFile
INFO: Checksum ajouté!
Jun. 27, 2022 3:34:12 P.M. Client_Liaison writeToFile
INFO: Checksum ajouté!
Jun. 27, 2022 3:34:12 P.M. Client_Liaison writeToFile
INFO: Checksum ajouté!
Jun. 27, 2022 3:34:12 P.M. Client_Liaison writeToFile
INFO: Checksum ajouté!
Jun. 27, 2022 3:34:12 P.M. Client_Liaison writeToFile
INFO: Checksum ajouté!
Jun. 27, 2022 3:34:51 P.M. Client_Liaison writeToFile
INFO: Checksum ajouté!
Jun. 27, 2022 3:34:51 P.M. Client_Liaison writeToFile
INFO: Checksum ajouté!
Jun. 27, 2022 3:34:51 P.M. Client_Liaison writeToFile
INFO: Checksum ajouté!
Jun. 27, 2022 3:34:51 P.M. Client_Liaison writeToFile
INFO: Checksum ajouté!
Jun. 27, 2022 3:34:51 P.M. Client_Liaison writeToFile
INFO: Checksum ajouté!
Jun. 27, 2022 3:34:51 P.M. Client_Liaison writeToFile
INFO: Checksum ajouté!
Jun. 27, 2022 3:34:51 P.M. Client_Liaison writeToFile
INFO: Checksum ajouté!
Jun. 27, 2022 3:34:51 P.M. Client_Liaison writeToFile
INFO: Checksum ajouté!
Jun. 27, 2022 3:34:51 P.M. Client_Liaison writeToFile
INFO: Checksum ajouté!
Jun. 27, 2022 3:34:51 P.M. Client_Liaison writeToFile
INFO: Checksum ajouté!
Jun. 27, 2022 3:34:51 P.M. Client_Liaison writeToFile
INFO: Checksum ajouté!
Jun. 27, 2022 3:34:51 P.M. Client_Liaison writeToFile
INFO: Checksum ajouté!
Jun. 27, 2022 3:34:51 P.M. Client_Liaison writeToFile
INFO: Checksum ajouté!
Jun. 27, 2022 3:34:51 P.M. Client_Liaison writeToFile
INFO: Checksum ajouté!
Jun. 27, 2022 3:36:00 P.M. Client_Liaison writeToFile
INFO: Checksum ajouté!
Jun. 27, 2022 3:36:00 P.M. Client_Liaison writeToFile
INFO: Checksum ajouté!
Jun. 27, 2022 3:36:00 P.M. Client_Liaison writeToFile
INFO: Checksum ajouté!
Jun. 27, 2022 3:36:00 P.M. Client_Liaison writeToFile
INFO: Checksum ajouté!
Jun. 27, 2022 3:36:00 P.M. Client_Liaison writeToFile
INFO: Checksum ajouté!
Jun. 27, 2022 3:36:00 P.M. Client_Liaison writeToFile
INFO: Checksum ajouté!
Jun. 27, 2022 3:36:00 P.M. Client_Liaison writeToFile
INFO: Checksum ajouté!
Jun. 27, 2022 3:36:00 P.M. Client_Liaison writeToFile
INFO: Checksum ajouté!
Jun. 27, 2022 3:36:00 P.M. Client_Liaison writeToFile
INFO: Checksum ajouté!
Jun. 27, 2022 3:36:00 P.M. Client_Liaison writeToFile
INFO: Checksum ajouté!
Jun. 27, 2022 3:36:00 P.M. Client_Liaison writeToFile
INFO: Checksum ajouté!
Jun. 27, 2022 3:36:00 P.M. Client_Liaison writeToFile
INFO: Checksum ajouté!
Jun. 27, 2022 3:36:00 P.M. Client_Liaison writeToFile
INFO: Checksum ajouté!
Jun. 27, 2022 3:36:00 P.M. Client_Liaison writeToFile
INFO: Checksum ajouté!
Jun. 27, 2022 3:37:57 P.M. Client_Liaison writeToFile
INFO: Checksum ajouté!
Jun. 27, 2022 3:37:57 P.M. Client_Liaison writeToFile
INFO: Checksum ajouté!
Jun. 27, 2022 3:37:57 P.M. Client_Liaison writeToFile
INFO: Checksum ajouté!
Jun. 27, 2022 3:37:57 P.M. Client_Liaison writeToFile
INFO: Checksum ajouté!
Jun. 27, 2022 3:37:57 P.M. Client_Liaison writeToFile
INFO: Checksum ajouté!
Jun. 27, 2022 3:37:57 P.M. Client_Liaison writeToFile
INFO: Checksum ajouté!
Jun. 27, 2022 3:37:57 P.M. Client_Liaison writeToFile
INFO: Checksum ajouté!
Jun. 27, 2022 3:37:57 P.M. Client_Liaison writeToFile
INFO: Checksum ajouté!
Jun. 27, 2022 3:37:57 P.M. Client_Liaison writeToFile
INFO: Checksum ajouté!
Jun. 27, 2022 3:37:57 P.M. Client_Liaison writeToFile
INFO: Checksum ajouté!
Jun. 27, 2022 3:37:57 P.M. Client_Liaison writeToFile
INFO: Checksum ajouté!
Jun. 27, 2022 3:37:57 P.M. Client_Liaison writeToFile
INFO: Checksum ajouté!
Jun. 27, 2022 3:37:57 P.M. Client_Liaison writeToFile
INFO: Checksum ajouté!
Jun. 27, 2022 3:37:57 P.M. Client_Liaison writeToFile
INFO: Checksum ajouté!
Jun. 27, 2022 3:40:46 P.M. Client_Liaison writeToFile
INFO: Checksum ajouté!
Jun. 27, 2022 3:40:46 P.M. Client_Liaison writeToFile
INFO: Checksum ajouté!
Jun. 27, 2022 3:40:46 P.M. Client_Liaison writeToFile
INFO: Checksum ajouté!
Jun. 27, 2022 3:40:46 P.M. Client_Liaison writeToFile
INFO: Checksum ajouté!
Jun. 27, 2022 3:40:46 P.M. Client_Liaison writeToFile
INFO: Checksum ajouté!
Jun. 27, 2022 3:40:46 P.M. Client_Liaison writeToFile
INFO: Checksum ajouté!
Jun. 27, 2022 3:40:46 P.M. Client_Liaison writeToFile
INFO: Checksum ajouté!
Jun. 27, 2022 3:40:46 P.M. Client_Liaison writeToFile
INFO: Checksum ajouté!
Jun. 27, 2022 3:40:46 P.M. Client_Liaison writeToFile
INFO: Checksum ajouté!
Jun. 27, 2022 3:40:46 P.M. Client_Liaison writeToFile
INFO: Checksum ajouté!
Jun. 27, 2022 3:40:46 P.M. Client_Liaison writeToFile
INFO: Checksum ajouté!
Jun. 27, 2022 3:40:46 P.M. Client_Liaison writeToFile
INFO: Checksum ajouté!
Jun. 27, 2022 3:40:46 P.M. Client_Liaison writeToFile
INFO: Checksum ajouté!
Jun. 27, 2022 3:40:46 P.M. Client_Liaison writeToFile
INFO: Checksum ajouté!
Jun. 27, 2022 3:44:18 P.M. Client_Liaison writeToFile
INFO: Checksum ajouté!
Jun. 27, 2022 3:44:18 P.M. Client_Liaison writeToFile
INFO: Checksum ajouté!
Jun. 27, 2022 3:44:18 P.M. Client_Liaison writeToFile
INFO: Checksum ajouté!
Jun. 27, 2022 3:44:18 P.M. Client_Liaison writeToFile
INFO: Checksum ajouté!
Jun. 27, 2022 3:44:18 P.M. Client_Liaison writeToFile
INFO: Checksum ajouté!
Jun. 27, 2022 3:44:18 P.M. Client_Liaison writeToFile
INFO: Checksum ajouté!
Jun. 27, 2022 3:44:18 P.M. Client_Liaison writeToFile
INFO: Checksum ajouté!
Jun. 27, 2022 3:44:18 P.M. Client_Liaison writeToFile
INFO: Checksum ajouté!
Jun. 27, 2022 3:44:18 P.M. Client_Liaison writeToFile
INFO: Checksum ajouté!
Jun. 27, 2022 3:44:18 P.M. Client_Liaison writeToFile
INFO: Checksum ajouté!
Jun. 27, 2022 3:44:18 P.M. Client_Liaison writeToFile
INFO: Checksum ajouté!
Jun. 27, 2022 3:44:18 P.M. Client_Liaison writeToFile
INFO: Checksum ajouté!
Jun. 27, 2022 3:44:18 P.M. Client_Liaison writeToFile
INFO: Checksum ajouté!
Jun. 27, 2022 3:44:18 P.M. Client_Liaison writeToFile
INFO: Checksum ajouté!
Jun. 27, 2022 3:49:10 P.M. Client_Liaison writeToFile
INFO: Checksum ajouté!
Jun. 27, 2022 3:49:10 P.M. Client_Liaison writeToFile
INFO: Checksum ajouté!
Jun. 27, 2022 3:49:10 P.M. Client_Liaison writeToFile
INFO: Checksum ajouté!
Jun. 27, 2022 3:49:10 P.M. Client_Liaison writeToFile
INFO: Checksum ajouté!
Jun. 27, 2022 3:49:10 P.M. Client_Liaison writeToFile
INFO: Checksum ajouté!
Jun. 27, 2022 3:49:10 P.M. Client_Liaison writeToFile
INFO: Checksum ajouté!
Jun. 27, 2022 3:49:10 P.M. Client_Liaison writeToFile
INFO: Checksum ajouté!
Jun. 27, 2022 3:49:10 P.M. Client_Liaison writeToFile
INFO: Checksum ajouté!
Jun. 27, 2022 3:49:10 P.M. Client_Liaison writeToFile
INFO: Checksum ajouté!
Jun. 27, 2022 3:49:10 P.M. Client_Liaison writeToFile
INFO: Checksum ajouté!
Jun. 27, 2022 3:49:10 P.M. Client_Liaison writeToFile
INFO: Checksum ajouté!
Jun. 27, 2022 3:49:10 P.M. Client_Liaison writeToFile
INFO: Checksum ajouté!
Jun. 27, 2022 3:49:10 P.M. Client_Liaison writeToFile
INFO: Checksum ajouté!
Jun. 27, 2022 3:49:10 P.M. Client_Liaison writeToFile
INFO: Checksum ajouté!
Jun. 27, 2022 6:11:38 P.M. Client_Liaison writeToFile
INFO: Checksum ajouté!
Jun. 27, 2022 6:11:38 P.M. Client_Liaison writeToFile
INFO: Checksum ajouté!
Jun. 27, 2022 6:11:38 P.M. Client_Liaison writeToFile
INFO: Checksum ajouté!
Jun. 27, 2022 6:11:38 P.M. Client_Liaison writeToFile
INFO: Checksum ajouté!
Jun. 27, 2022 6:11:38 P.M. Client_Liaison writeToFile
INFO: Checksum ajouté!
Jun. 27, 2022 6:11:38 P.M. Client_Liaison writeToFile
INFO: Checksum ajouté!
Jun. 27, 2022 6:11:38 P.M. Client_Liaison writeToFile
INFO: Checksum ajouté!
Jun. 27, 2022 6:11:38 P.M. Client_Liaison writeToFile
INFO: Checksum ajouté!
Jun. 27, 2022 6:11:38 P.M. Client_Liaison writeToFile
INFO: Checksum ajouté!
Jun. 27, 2022 6:11:38 P.M. Client_Liaison writeToFile
INFO: Checksum ajouté!
Jun. 27, 2022 6:11:38 P.M. Client_Liaison writeToFile
INFO: Checksum ajouté!
Jun. 27, 2022 6:11:38 P.M. Client_Liaison writeToFile
INFO: Checksum ajouté!
Jun. 27, 2022 6:11:38 P.M. Client_Liaison writeToFile
INFO: Checksum ajouté!
Jun. 27, 2022 6:11:38 P.M. Client_Liaison writeToFile
INFO: Checksum ajouté!
Jun. 27, 2022 6:16:34 P.M. Client_Liaison writeToFile
INFO: Checksum ajouté!
Jun. 27, 2022 6:16:34 P.M. Client_Liaison writeToFile
INFO: Checksum ajouté!
Jun. 27, 2022 6:16:34 P.M. Client_Liaison writeToFile
INFO: Checksum ajouté!
Jun. 27, 2022 6:16:34 P.M. Client_Liaison writeToFile
INFO: Checksum ajouté!
Jun. 27, 2022 6:16:34 P.M. Client_Liaison writeToFile
INFO: Checksum ajouté!
Jun. 27, 2022 6:16:34 P.M. Client_Liaison writeToFile
INFO: Checksum ajouté!
Jun. 27, 2022 6:16:34 P.M. Client_Liaison writeToFile
INFO: Checksum ajouté!
Jun. 27, 2022 6:16:34 P.M. Client_Liaison writeToFile
INFO: Checksum ajouté!
Jun. 27, 2022 6:16:34 P.M. Client_Liaison writeToFile
INFO: Checksum ajouté!
Jun. 27, 2022 6:16:34 P.M. Client_Liaison writeToFile
INFO: Checksum ajouté!
Jun. 27, 2022 6:16:34 P.M. Client_Liaison writeToFile
INFO: Checksum ajouté!
Jun. 27, 2022 6:16:34 P.M. Client_Liaison writeToFile
INFO: Checksum ajouté!
Jun. 27, 2022 6:16:34 P.M. Client_Liaison writeToFile
INFO: Checksum ajouté!
Jun. 27, 2022 6:16:34 P.M. Client_Liaison writeToFile
INFO: Checksum ajouté!
Jun. 27, 2022 6:17:48 P.M. Client_Liaison writeToFile
INFO: Checksum ajouté!
Jun. 27, 2022 6:17:48 P.M. Client_Liaison writeToFile
INFO: Checksum ajouté!
Jun. 27, 2022 6:17:48 P.M. Client_Liaison writeToFile
INFO: Checksum ajouté!
Jun. 27, 2022 6:17:48 P.M. Client_Liaison writeToFile
INFO: Checksum ajouté!
Jun. 27, 2022 6:17:48 P.M. Client_Liaison writeToFile
INFO: Checksum ajouté!
Jun. 27, 2022 6:17:48 P.M. Client_Liaison writeToFile
INFO: Checksum ajouté!
Jun. 27, 2022 6:17:48 P.M. Client_Liaison writeToFile
INFO: Checksum ajouté!
Jun. 27, 2022 6:17:48 P.M. Client_Liaison writeToFile
INFO: Checksum ajouté!
Jun. 27, 2022 6:17:48 P.M. Client_Liaison writeToFile
INFO: Checksum ajouté!
Jun. 27, 2022 6:17:48 P.M. Client_Liaison writeToFile
INFO: Checksum ajouté!
Jun. 27, 2022 6:17:48 P.M. Client_Liaison writeToFile
INFO: Checksum ajouté!
Jun. 27, 2022 6:17:48 P.M. Client_Liaison writeToFile
INFO: Checksum ajouté!
Jun. 27, 2022 6:17:48 P.M. Client_Liaison writeToFile
INFO: Checksum ajouté!
Jun. 27, 2022 6:17:48 P.M. Client_Liaison writeToFile
INFO: Checksum ajouté!
Jun. 27, 2022 6:22:22 P.M. Client_Liaison writeToFile
INFO: Checksum ajouté!
Jun. 27, 2022 6:22:22 P.M. Client_Liaison writeToFile
INFO: Checksum ajouté!
Jun. 27, 2022 6:22:22 P.M. Client_Liaison writeToFile
INFO: Checksum ajouté!
Jun. 27, 2022 6:22:22 P.M. Client_Liaison writeToFile
INFO: Checksum ajouté!
Jun. 27, 2022 6:22:22 P.M. Client_Liaison writeToFile
INFO: Checksum ajouté!
Jun. 27, 2022 6:22:22 P.M. Client_Liaison writeToFile
INFO: Checksum ajouté!
Jun. 27, 2022 6:22:22 P.M. Client_Liaison writeToFile
INFO: Checksum ajouté!
Jun. 27, 2022 6:22:22 P.M. Client_Liaison writeToFile
INFO: Checksum ajouté!
Jun. 27, 2022 6:22:22 P.M. Client_Liaison writeToFile
INFO: Checksum ajouté!
Jun. 27, 2022 6:22:22 P.M. Client_Liaison writeToFile
INFO: Checksum ajouté!
Jun. 27, 2022 6:22:22 P.M. Client_Liaison writeToFile
INFO: Checksum ajouté!
Jun. 27, 2022 6:22:22 P.M. Client_Liaison writeToFile
INFO: Checksum ajouté!
Jun. 27, 2022 6:22:22 P.M. Client_Liaison writeToFile
INFO: Checksum ajouté!
Jun. 27, 2022 6:22:22 P.M. Client_Liaison writeToFile
INFO: Checksum ajouté!
Jun. 27, 2022 6:23:27 P.M. Client_Liaison writeToFile
INFO: Checksum ajouté!
Jun. 27, 2022 6:23:27 P.M. Client_Liaison writeToFile
INFO: Checksum ajouté!
Jun. 27, 2022 6:23:27 P.M. Client_Liaison writeToFile
INFO: Checksum ajouté!
Jun. 27, 2022 6:23:27 P.M. Client_Liaison writeToFile
INFO: Checksum ajouté!
Jun. 27, 2022 6:23:27 P.M. Client_Liaison writeToFile
INFO: Checksum ajouté!
Jun. 27, 2022 6:23:27 P.M. Client_Liaison writeToFile
INFO: Checksum ajouté!
Jun. 27, 2022 6:23:27 P.M. Client_Liaison writeToFile
INFO: Checksum ajouté!
Jun. 27, 2022 6:23:27 P.M. Client_Liaison writeToFile
INFO: Checksum ajouté!
Jun. 27, 2022 6:23:27 P.M. Client_Liaison writeToFile
INFO: Checksum ajouté!
Jun. 27, 2022 6:23:27 P.M. Client_Liaison writeToFile
INFO: Checksum ajouté!
Jun. 27, 2022 6:23:27 P.M. Client_Liaison writeToFile
INFO: Checksum ajouté!
Jun. 27, 2022 6:23:27 P.M. Client_Liaison writeToFile
INFO: Checksum ajouté!
Jun. 27, 2022 6:23:27 P.M. Client_Liaison writeToFile
INFO: Checksum ajouté!
Jun. 27, 2022 6:23:27 P.M. Client_Liaison writeToFile
INFO: Checksum ajouté!
Jun. 27, 2022 6:25:34 P.M. Client_Liaison writeToFile
INFO: Checksum ajouté!
Jun. 27, 2022 6:25:34 P.M. Client_Liaison writeToFile
INFO: Checksum ajouté!
Jun. 27, 2022 6:25:34 P.M. Client_Liaison writeToFile
INFO: Checksum ajouté!
Jun. 27, 2022 6:25:34 P.M. Client_Liaison writeToFile
INFO: Checksum ajouté!
Jun. 27, 2022 6:25:34 P.M. Client_Liaison writeToFile
INFO: Checksum ajouté!
Jun. 27, 2022 6:25:34 P.M. Client_Liaison writeToFile
INFO: Checksum ajouté!
Jun. 27, 2022 6:25:34 P.M. Client_Liaison writeToFile
INFO: Checksum ajouté!
Jun. 27, 2022 6:25:34 P.M. Client_Liaison writeToFile
INFO: Checksum ajouté!
Jun. 27, 2022 6:25:34 P.M. Client_Liaison writeToFile
INFO: Checksum ajouté!
Jun. 27, 2022 6:25:34 P.M. Client_Liaison writeToFile
INFO: Checksum ajouté!
Jun. 27, 2022 6:25:34 P.M. Client_Liaison writeToFile
INFO: Checksum ajouté!
Jun. 27, 2022 6:25:34 P.M. Client_Liaison writeToFile
INFO: Checksum ajouté!
Jun. 27, 2022 6:25:34 P.M. Client_Liaison writeToFile
INFO: Checksum ajouté!
Jun. 27, 2022 6:25:34 P.M. Client_Liaison writeToFile
INFO: Checksum ajouté!
Jun. 27, 2022 6:26:48 P.M. Client_Liaison writeToFile
INFO: Checksum ajouté!
Jun. 27, 2022 6:26:48 P.M. Client_Liaison writeToFile
INFO: Checksum ajouté!
Jun. 27, 2022 6:26:48 P.M. Client_Liaison writeToFile
INFO: Checksum ajouté!
Jun. 27, 2022 6:26:48 P.M. Client_Liaison writeToFile
INFO: Checksum ajouté!
Jun. 27, 2022 6:26:48 P.M. Client_Liaison writeToFile
INFO: Checksum ajouté!
Jun. 27, 2022 6:26:48 P.M. Client_Liaison writeToFile
INFO: Checksum ajouté!
Jun. 27, 2022 6:26:48 P.M. Client_Liaison writeToFile
INFO: Checksum ajouté!
Jun. 27, 2022 6:26:48 P.M. Client_Liaison writeToFile
INFO: Checksum ajouté!
Jun. 27, 2022 6:26:48 P.M. Client_Liaison writeToFile
INFO: Checksum ajouté!
Jun. 27, 2022 6:26:48 P.M. Client_Liaison writeToFile
INFO: Checksum ajouté!
Jun. 27, 2022 6:26:48 P.M. Client_Liaison writeToFile
INFO: Checksum ajouté!
Jun. 27, 2022 6:26:48 P.M. Client_Liaison writeToFile
INFO: Checksum ajouté!
Jun. 27, 2022 6:26:48 P.M. Client_Liaison writeToFile
INFO: Checksum ajouté!
Jun. 27, 2022 6:26:48 P.M. Client_Liaison writeToFile
INFO: Checksum ajouté!
Jun. 27, 2022 6:27:24 P.M. Client_Liaison writeToFile
INFO: Checksum ajouté!
Jun. 27, 2022 6:27:24 P.M. Client_Liaison writeToFile
INFO: Checksum ajouté!
Jun. 27, 2022 6:27:24 P.M. Client_Liaison writeToFile
INFO: Checksum ajouté!
Jun. 27, 2022 6:27:24 P.M. Client_Liaison writeToFile
INFO: Checksum ajouté!
Jun. 27, 2022 6:27:25 P.M. Client_Liaison writeToFile
INFO: Checksum ajouté!
Jun. 27, 2022 6:27:25 P.M. Client_Liaison writeToFile
INFO: Checksum ajouté!
Jun. 27, 2022 6:27:25 P.M. Client_Liaison writeToFile
INFO: Checksum ajouté!
Jun. 27, 2022 6:27:25 P.M. Client_Liaison writeToFile
INFO: Checksum ajouté!
Jun. 27, 2022 6:27:25 P.M. Client_Liaison writeToFile
INFO: Checksum ajouté!
Jun. 27, 2022 6:27:25 P.M. Client_Liaison writeToFile
INFO: Checksum ajouté!
Jun. 27, 2022 6:27:25 P.M. Client_Liaison writeToFile
INFO: Checksum ajouté!
Jun. 27, 2022 6:27:25 P.M. Client_Liaison writeToFile
INFO: Checksum ajouté!
Jun. 27, 2022 6:27:25 P.M. Client_Liaison writeToFile
INFO: Checksum ajouté!
Jun. 27, 2022 6:27:25 P.M. Client_Liaison writeToFile
INFO: Checksum ajouté!
Jun. 27, 2022 6:28:11 P.M. Client_Liaison writeToFile
INFO: Checksum ajouté!
Jun. 27, 2022 6:28:11 P.M. Client_Liaison writeToFile
INFO: Checksum ajouté!
Jun. 27, 2022 6:28:11 P.M. Client_Liaison writeToFile
INFO: Checksum ajouté!
Jun. 27, 2022 6:28:11 P.M. Client_Liaison writeToFile
INFO: Checksum ajouté!
Jun. 27, 2022 6:28:11 P.M. Client_Liaison writeToFile
INFO: Checksum ajouté!
Jun. 27, 2022 6:28:11 P.M. Client_Liaison writeToFile
INFO: Checksum ajouté!
Jun. 27, 2022 6:28:11 P.M. Client_Liaison writeToFile
INFO: Checksum ajouté!
Jun. 27, 2022 6:28:11 P.M. Client_Liaison writeToFile
INFO: Checksum ajouté!
Jun. 27, 2022 6:28:11 P.M. Client_Liaison writeToFile
INFO: Checksum ajouté!
Jun. 27, 2022 6:28:11 P.M. Client_Liaison writeToFile
INFO: Checksum ajouté!
Jun. 27, 2022 6:28:11 P.M. Client_Liaison writeToFile
INFO: Checksum ajouté!
Jun. 27, 2022 6:28:11 P.M. Client_Liaison writeToFile
INFO: Checksum ajouté!
Jun. 27, 2022 6:28:11 P.M. Client_Liaison writeToFile
INFO: Checksum ajouté!
Jun. 27, 2022 6:28:11 P.M. Client_Liaison writeToFile
INFO: Checksum ajouté!
Jun. 27, 2022 6:29:03 P.M. Client_Liaison writeToFile
INFO: Checksum ajouté!
Jun. 27, 2022 6:29:03 P.M. Client_Liaison writeToFile
INFO: Checksum ajouté!
Jun. 27, 2022 6:29:03 P.M. Client_Liaison writeToFile
INFO: Checksum ajouté!
Jun. 27, 2022 6:29:03 P.M. Client_Liaison writeToFile
INFO: Checksum ajouté!
Jun. 27, 2022 6:29:03 P.M. Client_Liaison writeToFile
INFO: Checksum ajouté!
Jun. 27, 2022 6:29:03 P.M. Client_Liaison writeToFile
INFO: Checksum ajouté!
Jun. 27, 2022 6:29:03 P.M. Client_Liaison writeToFile
INFO: Checksum ajouté!
Jun. 27, 2022 6:29:03 P.M. Client_Liaison writeToFile
INFO: Checksum ajouté!
Jun. 27, 2022 6:29:03 P.M. Client_Liaison writeToFile
INFO: Checksum ajouté!
Jun. 27, 2022 6:29:03 P.M. Client_Liaison writeToFile
INFO: Checksum ajouté!
Jun. 27, 2022 6:29:03 P.M. Client_Liaison writeToFile
INFO: Checksum ajouté!
Jun. 27, 2022 6:29:03 P.M. Client_Liaison writeToFile
INFO: Checksum ajouté!
Jun. 27, 2022 6:29:03 P.M. Client_Liaison writeToFile
INFO: Checksum ajouté!
Jun. 27, 2022 6:29:03 P.M. Client_Liaison writeToFile
INFO: Checksum ajouté!
